2025-02-24 01:42:14,296 INFO: Server initialized for eventlet.
2025-02-24 01:42:14,300 INFO: Starting server...
2025-02-24 01:42:14,307 INFO:  * Restarting with stat
2025-02-24 01:42:15,442 INFO: Server initialized for eventlet.
2025-02-24 01:42:15,445 INFO: Starting server...
2025-02-24 01:42:15,455 WARNING:  * Debugger is active!
2025-02-24 01:42:15,464 INFO:  * Debugger PIN: 531-980-121
2025-02-24 01:42:19,469 DEBUG: Session before connection: <SecureCookieSession {'_flashes': [('error', 'انت مش في اللعبة دي'), ('error', 'انت مش في اللعبة دي'), ('error', 'انت مش في اللعبة دي'), ('error', 'انت مش في اللعبة دي'), ('error', 'انت مش في اللعبة دي'), ('error', 'انت مش في اللعبة دي'), ('error', 'لم يتم العثور على اسم اللاعب')], '_permanent': True, 'game_id': '8142', 'is_host': True, 'player_name': 'Ziada'}>
2025-02-24 01:42:19,471 DEBUG: Is session permanent: True
2025-02-24 01:42:19,471 DEBUG: Session contents before connection: {'_flashes': [('error', 'انت مش في اللعبة دي'), ('error', 'انت مش في اللعبة دي'), ('error', 'انت مش في اللعبة دي'), ('error', 'انت مش في اللعبة دي'), ('error', 'انت مش في اللعبة دي'), ('error', 'انت مش في اللعبة دي'), ('error', 'لم يتم العثور على اسم اللاعب')], '_permanent': True, 'game_id': '8142', 'is_host': True, 'player_name': 'Ziada'}
2025-02-24 01:42:19,643 DEBUG: Session before connection: <SecureCookieSession {'_flashes': [('error', 'انت مش في اللعبة دي'), ('error', 'انت مش في اللعبة دي'), ('error', 'انت مش في اللعبة دي'), ('error', 'انت مش في اللعبة دي'), ('error', 'انت مش في اللعبة دي'), ('error', 'انت مش في اللعبة دي'), ('error', 'لم يتم العثور على اسم اللاعب')], '_permanent': True, 'game_id': '8142', 'is_host': True, 'player_name': 'Ziada'}>
2025-02-24 01:42:19,644 DEBUG: Is session permanent: True
2025-02-24 01:42:19,645 DEBUG: Session contents before connection: {'_flashes': [('error', 'انت مش في اللعبة دي'), ('error', 'انت مش في اللعبة دي'), ('error', 'انت مش في اللعبة دي'), ('error', 'انت مش في اللعبة دي'), ('error', 'انت مش في اللعبة دي'), ('error', 'انت مش في اللعبة دي'), ('error', 'لم يتم العثور على اسم اللاعب')], '_permanent': True, 'game_id': '8142', 'is_host': True, 'player_name': 'Ziada'}
2025-02-24 01:42:19,940 DEBUG: Session before connection: <SecureCookieSession {'_flashes': [('error', 'انت مش في اللعبة دي'), ('error', 'انت مش في اللعبة دي'), ('error', 'انت مش في اللعبة دي'), ('error', 'انت مش في اللعبة دي'), ('error', 'انت مش في اللعبة دي'), ('error', 'انت مش في اللعبة دي'), ('error', 'لم يتم العثور على اسم اللاعب')], '_permanent': True, 'game_id': '8142', 'is_host': True, 'player_name': 'Ziada'}>
2025-02-24 01:42:19,944 DEBUG: Is session permanent: True
2025-02-24 01:42:19,946 DEBUG: Session contents before connection: {'_flashes': [('error', 'انت مش في اللعبة دي'), ('error', 'انت مش في اللعبة دي'), ('error', 'انت مش في اللعبة دي'), ('error', 'انت مش في اللعبة دي'), ('error', 'انت مش في اللعبة دي'), ('error', 'انت مش في اللعبة دي'), ('error', 'لم يتم العثور على اسم اللاعب')], '_permanent': True, 'game_id': '8142', 'is_host': True, 'player_name': 'Ziada'}
2025-02-24 01:42:22,941 DEBUG: Session before connection: <SecureCookieSession {'_permanent': True, 'game_id': '8142', 'is_host': False, 'player_name': 'Ali'}>
2025-02-24 01:42:22,943 DEBUG: Is session permanent: True
2025-02-24 01:42:22,943 DEBUG: Session contents before connection: {'_permanent': True, 'game_id': '8142', 'is_host': False, 'player_name': 'Ali'}
2025-02-24 01:42:23,050 DEBUG: Session before connection: <SecureCookieSession {'_permanent': True, 'game_id': '8142', 'is_host': False, 'player_name': 'Ali'}>
2025-02-24 01:42:23,052 DEBUG: Is session permanent: True
2025-02-24 01:42:23,053 DEBUG: Session contents before connection: {'_permanent': True, 'game_id': '8142', 'is_host': False, 'player_name': 'Ali'}
2025-02-24 01:42:23,058 DEBUG: Session before connection: <SecureCookieSession {'_permanent': True, 'game_id': '8142', 'is_host': False, 'player_name': 'Ali'}>
2025-02-24 01:42:23,058 DEBUG: Is session permanent: True
2025-02-24 01:42:23,059 DEBUG: Session contents before connection: {'_permanent': True, 'game_id': '8142', 'is_host': False, 'player_name': 'Ali'}
2025-02-24 01:42:32,678 INFO: GZhvjkNO0rjft0cSAAAA: Sending packet OPEN data {'sid': 'GZhvjkNO0rjft0cSAAAA', 'upgrades': ['websocket'], 'pingTimeout': 15000000, 'pingInterval': 25000000, 'maxPayload': 1000000}
2025-02-24 01:42:32,703 INFO: GZhvjkNO0rjft0cSAAAA: Received request to upgrade to websocket
2025-02-24 01:42:32,721 INFO: GZhvjkNO0rjft0cSAAAA: Received packet MESSAGE data 0
2025-02-24 01:42:32,722 INFO: GZhvjkNO0rjft0cSAAAA: Sending packet MESSAGE data 0{"sid":"FGma85MLfW-ggA4iAAAB"}
2025-02-24 01:42:32,724 DEBUG: Client connected. Session: {'_flashes': [('error', 'انت مش في اللعبة دي'), ('error', 'انت مش في اللعبة دي'), ('error', 'انت مش في اللعبة دي'), ('error', 'انت مش في اللعبة دي'), ('error', 'انت مش في اللعبة دي'), ('error', 'انت مش في اللعبة دي'), ('error', 'لم يتم العثور على اسم اللاعب')], '_permanent': True, 'game_id': '8142', 'is_host': True, 'player_name': 'Ziada'}
2025-02-24 01:42:32,726 INFO: Assigned socket ID FGma85MLfW-ggA4iAAAB to player Ziada
2025-02-24 01:42:32,746 INFO: GZhvjkNO0rjft0cSAAAA: Upgrade to websocket successful
2025-02-24 01:42:32,750 INFO: GZhvjkNO0rjft0cSAAAA: Received packet MESSAGE data 2["create_game",{"game_id":8832,"player_name":"Ziada","game_type":"charades"}]
2025-02-24 01:42:32,751 INFO: received event "create_game" from FGma85MLfW-ggA4iAAAB [/]
2025-02-24 01:42:32,753 INFO: Creating game: {'game_id': 8832, 'player_name': 'Ziada', 'game_type': 'charades'}
2025-02-24 01:42:32,754 DEBUG: Session state before game creation: {'_flashes': [('error', 'انت مش في اللعبة دي'), ('error', 'انت مش في اللعبة دي'), ('error', 'انت مش في اللعبة دي'), ('error', 'انت مش في اللعبة دي'), ('error', 'انت مش في اللعبة دي'), ('error', 'انت مش في اللعبة دي'), ('error', 'لم يتم العثور على اسم اللاعب')], '_permanent': True, 'game_id': '8142', 'is_host': True, 'player_name': 'Ziada'}
2025-02-24 01:42:32,756 DEBUG: Session contents before game creation: {'_flashes': [('error', 'انت مش في اللعبة دي'), ('error', 'انت مش في اللعبة دي'), ('error', 'انت مش في اللعبة دي'), ('error', 'انت مش في اللعبة دي'), ('error', 'انت مش في اللعبة دي'), ('error', 'انت مش في اللعبة دي'), ('error', 'لم يتم العثور على اسم اللاعب')], '_permanent': True, 'game_id': '8142', 'is_host': True, 'player_name': 'Ziada'}
2025-02-24 01:42:32,758 DEBUG: Create game request - Game ID: 8832
2025-02-24 01:42:32,758 DEBUG: Create game request - Player Name: Ziada
2025-02-24 01:42:32,759 DEBUG: Create game request - Game Type: charades
2025-02-24 01:42:32,759 DEBUG: Creating game for player: Ziada
2025-02-24 01:42:32,760 DEBUG: Session after create: {'_flashes': [('error', 'انت مش في اللعبة دي'), ('error', 'انت مش في اللعبة دي'), ('error', 'انت مش في اللعبة دي'), ('error', 'انت مش في اللعبة دي'), ('error', 'انت مش في اللعبة دي'), ('error', 'انت مش في اللعبة دي'), ('error', 'لم يتم العثور على اسم اللاعب')], '_permanent': True, 'game_id': '8832', 'is_host': True, 'player_name': 'Ziada'}
2025-02-24 01:42:32,762 DEBUG: Game room after create: {'host': 'Ziada', 'players': [{'name': 'Ziada', 'isHost': True}], 'game_type': 'charades', 'status': 'waiting', 'scores': {}, 'current_player': '', 'current_item': '', 'round_start_time': None}
2025-02-24 01:42:32,763 DEBUG: Player name set in session: Ziada
2025-02-24 01:42:32,763 DEBUG: Session after creating game: {'_flashes': [('error', 'انت مش في اللعبة دي'), ('error', 'انت مش في اللعبة دي'), ('error', 'انت مش في اللعبة دي'), ('error', 'انت مش في اللعبة دي'), ('error', 'انت مش في اللعبة دي'), ('error', 'انت مش في اللعبة دي'), ('error', 'لم يتم العثور على اسم اللاعب')], '_permanent': True, 'game_id': '8832', 'is_host': True, 'player_name': 'Ziada'}
2025-02-24 01:42:32,764 INFO: Game room 8832 created by Ziada
2025-02-24 01:42:32,764 INFO: emitting event "game_created" to FGma85MLfW-ggA4iAAAB [/]
2025-02-24 01:42:32,765 INFO: GZhvjkNO0rjft0cSAAAA: Sending packet MESSAGE data 2["game_created",{"game_id":"8832","host":"Ziada","players":[{"name":"Ziada","isHost":true}]}]
2025-02-24 01:42:32,765 INFO: FGma85MLfW-ggA4iAAAB is entering room 8832 [/]
2025-02-24 01:42:41,676 INFO: 7Laxg7KuI2xara05AAAC: Sending packet OPEN data {'sid': '7Laxg7KuI2xara05AAAC', 'upgrades': ['websocket'], 'pingTimeout': 15000000, 'pingInterval': 25000000, 'maxPayload': 1000000}
2025-02-24 01:42:41,694 INFO: 7Laxg7KuI2xara05AAAC: Received request to upgrade to websocket
2025-02-24 01:42:41,701 INFO: 7Laxg7KuI2xara05AAAC: Received packet MESSAGE data 0
2025-02-24 01:42:41,704 INFO: 7Laxg7KuI2xara05AAAC: Sending packet MESSAGE data 0{"sid":"zeuooxnBK3ohAU8VAAAD"}
2025-02-24 01:42:41,712 DEBUG: Client connected. Session: {'_permanent': True, 'game_id': '8142', 'is_host': False, 'player_name': 'Ali'}
2025-02-24 01:42:41,713 INFO: Assigned socket ID zeuooxnBK3ohAU8VAAAD to player Ali
2025-02-24 01:42:41,731 INFO: 7Laxg7KuI2xara05AAAC: Upgrade to websocket successful
2025-02-24 01:42:41,738 INFO: 7Laxg7KuI2xara05AAAC: Received packet MESSAGE data 2["join_game",{"game_id":"8832","player_name":"Ali","game_type":"charades"}]
2025-02-24 01:42:41,740 INFO: received event "join_game" from zeuooxnBK3ohAU8VAAAD [/]
2025-02-24 01:42:41,745 DEBUG: Session after join: {'_permanent': True, 'game_id': '8832', 'is_host': False, 'player_name': 'Ali'}
2025-02-24 01:42:41,746 DEBUG: Game room after join: {'host': 'Ziada', 'players': [{'name': 'Ziada', 'isHost': True}, {'name': 'Ali', 'isHost': False}], 'game_type': 'charades', 'status': 'waiting', 'scores': {}, 'current_player': '', 'current_item': '', 'round_start_time': None}
2025-02-24 01:42:41,746 INFO: zeuooxnBK3ohAU8VAAAD is entering room 8832 [/]
2025-02-24 01:42:41,748 INFO: emitting event "join_success" to zeuooxnBK3ohAU8VAAAD [/]
2025-02-24 01:42:41,750 INFO: 7Laxg7KuI2xara05AAAC: Sending packet MESSAGE data 2["join_success",{"game_id":"8832","players":["Ziada","Ali"],"host":"Ziada"}]
2025-02-24 01:42:41,752 INFO: emitting event "player_joined" to 8832 [/]
2025-02-24 01:42:41,754 INFO: GZhvjkNO0rjft0cSAAAA: Sending packet MESSAGE data 2["player_joined",{"players":["Ziada","Ali"]}]
2025-02-24 01:42:41,757 INFO: 7Laxg7KuI2xara05AAAC: Sending packet MESSAGE data 2["player_joined",{"players":["Ziada","Ali"]}]
2025-02-24 01:42:45,950 INFO: GZhvjkNO0rjft0cSAAAA: Received packet MESSAGE data 2["start_game",{"game_id":"8832"}]
2025-02-24 01:42:45,953 INFO: received event "start_game" from FGma85MLfW-ggA4iAAAB [/]
2025-02-24 01:42:45,956 INFO: emitting event "game_started" to 8832 [/]
2025-02-24 01:42:45,957 INFO: GZhvjkNO0rjft0cSAAAA: Sending packet MESSAGE data 2["game_started",{"game_id":"8832","redirect_url":"/game/8832","transfer_id":"d73745b9-85b4-4a7d-b607-40a6f5eb788d"}]
2025-02-24 01:42:45,957 INFO: 7Laxg7KuI2xara05AAAC: Sending packet MESSAGE data 2["game_started",{"game_id":"8832","redirect_url":"/game/8832","transfer_id":"d73745b9-85b4-4a7d-b607-40a6f5eb788d"}]
2025-02-24 01:42:45,961 INFO: emitting event "game_started" to 8832 [/]
2025-02-24 01:42:45,962 INFO: GZhvjkNO0rjft0cSAAAA: Sending packet MESSAGE data 2["game_started",{"game_id":"8832","redirect_url":"/game/8832","transfer_id":"d73745b9-85b4-4a7d-b607-40a6f5eb788d"}]
2025-02-24 01:42:45,962 INFO: 7Laxg7KuI2xara05AAAC: Sending packet MESSAGE data 2["game_started",{"game_id":"8832","redirect_url":"/game/8832","transfer_id":"d73745b9-85b4-4a7d-b607-40a6f5eb788d"}]
2025-02-24 01:42:45,962 INFO: Game 8832 started by Ziada
2025-02-24 01:42:45,975 INFO: Player disconnected: Ali
2025-02-24 01:42:45,982 INFO: Player disconnected: Ziada
2025-02-24 01:42:46,030 DEBUG: Session before connection: <SecureCookieSession {'_flashes': [('error', 'انت مش في اللعبة دي'), ('error', 'انت مش في اللعبة دي'), ('error', 'انت مش في اللعبة دي'), ('error', 'انت مش في اللعبة دي'), ('error', 'انت مش في اللعبة دي'), ('error', 'انت مش في اللعبة دي'), ('error', 'لم يتم العثور على اسم اللاعب')], '_permanent': True, 'game_id': '8142', 'is_host': True, 'player_name': 'Ziada'}>
2025-02-24 01:42:46,032 DEBUG: Is session permanent: True
2025-02-24 01:42:46,032 DEBUG: Session contents before connection: {'_flashes': [('error', 'انت مش في اللعبة دي'), ('error', 'انت مش في اللعبة دي'), ('error', 'انت مش في اللعبة دي'), ('error', 'انت مش في اللعبة دي'), ('error', 'انت مش في اللعبة دي'), ('error', 'انت مش في اللعبة دي'), ('error', 'لم يتم العثور على اسم اللاعب')], '_permanent': True, 'game_id': '8142', 'is_host': True, 'player_name': 'Ziada'}
2025-02-24 01:42:46,038 DEBUG: Game route - game_id: 8832, player_name: Ziada, transfer_id: d73745b9-85b4-4a7d-b607-40a6f5eb788d
2025-02-24 01:42:46,072 DEBUG: Session before connection: <SecureCookieSession {'_permanent': True, 'game_id': '8142', 'is_host': False, 'player_name': 'Ali'}>
2025-02-24 01:42:46,075 DEBUG: Is session permanent: True
2025-02-24 01:42:46,075 DEBUG: Session contents before connection: {'_permanent': True, 'game_id': '8142', 'is_host': False, 'player_name': 'Ali'}
2025-02-24 01:42:46,076 DEBUG: Game route - game_id: 8832, player_name: Ali, transfer_id: d73745b9-85b4-4a7d-b607-40a6f5eb788d
2025-02-24 01:42:46,192 DEBUG: Session before connection: <SecureCookieSession {'_flashes': [('error', 'انت مش في اللعبة دي'), ('error', 'انت مش في اللعبة دي'), ('error', 'انت مش في اللعبة دي'), ('error', 'انت مش في اللعبة دي'), ('error', 'انت مش في اللعبة دي'), ('error', 'انت مش في اللعبة دي'), ('error', 'لم يتم العثور على اسم اللاعب')], '_permanent': True, 'game_id': '8832', 'is_host': True, 'player_name': 'Ziada'}>
2025-02-24 01:42:46,196 DEBUG: Is session permanent: True
2025-02-24 01:42:46,197 DEBUG: Session contents before connection: {'_flashes': [('error', 'انت مش في اللعبة دي'), ('error', 'انت مش في اللعبة دي'), ('error', 'انت مش في اللعبة دي'), ('error', 'انت مش في اللعبة دي'), ('error', 'انت مش في اللعبة دي'), ('error', 'انت مش في اللعبة دي'), ('error', 'لم يتم العثور على اسم اللاعب')], '_permanent': True, 'game_id': '8832', 'is_host': True, 'player_name': 'Ziada'}
2025-02-24 01:42:46,203 DEBUG: Session before connection: <SecureCookieSession {'_flashes': [('error', 'انت مش في اللعبة دي'), ('error', 'انت مش في اللعبة دي'), ('error', 'انت مش في اللعبة دي'), ('error', 'انت مش في اللعبة دي'), ('error', 'انت مش في اللعبة دي'), ('error', 'انت مش في اللعبة دي'), ('error', 'لم يتم العثور على اسم اللاعب')], '_permanent': True, 'game_id': '8832', 'is_host': True, 'player_name': 'Ziada'}>
2025-02-24 01:42:46,204 DEBUG: Is session permanent: True
2025-02-24 01:42:46,205 DEBUG: Session contents before connection: {'_flashes': [('error', 'انت مش في اللعبة دي'), ('error', 'انت مش في اللعبة دي'), ('error', 'انت مش في اللعبة دي'), ('error', 'انت مش في اللعبة دي'), ('error', 'انت مش في اللعبة دي'), ('error', 'انت مش في اللعبة دي'), ('error', 'لم يتم العثور على اسم اللاعب')], '_permanent': True, 'game_id': '8832', 'is_host': True, 'player_name': 'Ziada'}
2025-02-24 01:42:46,279 DEBUG: Session before connection: <SecureCookieSession {'_permanent': True, 'game_id': '8832', 'is_host': False, 'player_name': 'Ali'}>
2025-02-24 01:42:46,280 DEBUG: Is session permanent: True
2025-02-24 01:42:46,280 DEBUG: Session contents before connection: {'_permanent': True, 'game_id': '8832', 'is_host': False, 'player_name': 'Ali'}
2025-02-24 01:42:46,286 DEBUG: Session before connection: <SecureCookieSession {'_permanent': True, 'game_id': '8832', 'is_host': False, 'player_name': 'Ali'}>
2025-02-24 01:42:46,287 DEBUG: Is session permanent: True
2025-02-24 01:42:46,287 DEBUG: Session contents before connection: {'_permanent': True, 'game_id': '8832', 'is_host': False, 'player_name': 'Ali'}
2025-02-24 01:42:46,448 INFO: S0_jdVcH1zmumYPeAAAE: Sending packet OPEN data {'sid': 'S0_jdVcH1zmumYPeAAAE', 'upgrades': ['websocket'], 'pingTimeout': 15000000, 'pingInterval': 25000000, 'maxPayload': 1000000}
2025-02-24 01:42:47,614 INFO: kV7iFGYOYhtZUVKTAAAF: Sending packet OPEN data {'sid': 'kV7iFGYOYhtZUVKTAAAF', 'upgrades': ['websocket'], 'pingTimeout': 15000000, 'pingInterval': 25000000, 'maxPayload': 1000000}
2025-02-24 01:42:47,729 INFO: kV7iFGYOYhtZUVKTAAAF: Received request to upgrade to websocket
2025-02-24 01:42:47,732 INFO: kV7iFGYOYhtZUVKTAAAF: Received packet MESSAGE data 0
2025-02-24 01:42:47,734 INFO: kV7iFGYOYhtZUVKTAAAF: Sending packet MESSAGE data 0{"sid":"PhLbcARc67KxU8EGAAAG"}
2025-02-24 01:42:47,740 DEBUG: Client connected. Session: {'_flashes': [('error', 'انت مش في اللعبة دي'), ('error', 'انت مش في اللعبة دي'), ('error', 'انت مش في اللعبة دي'), ('error', 'انت مش في اللعبة دي'), ('error', 'انت مش في اللعبة دي'), ('error', 'انت مش في اللعبة دي'), ('error', 'لم يتم العثور على اسم اللاعب')], '_permanent': True, 'game_id': '8832', 'is_host': True, 'player_name': 'Ziada'}
2025-02-24 01:42:47,743 INFO: Assigned socket ID PhLbcARc67KxU8EGAAAG to player Ziada
2025-02-24 01:42:47,796 INFO: S0_jdVcH1zmumYPeAAAE: Received packet MESSAGE data 0
2025-02-24 01:42:47,798 INFO: S0_jdVcH1zmumYPeAAAE: Sending packet MESSAGE data 0{"sid":"1MOXSuYsH6pjgmXWAAAH"}
2025-02-24 01:42:47,800 DEBUG: Client connected. Session: {'_permanent': True, 'game_id': '8832', 'is_host': False, 'player_name': 'Ali'}
2025-02-24 01:42:47,805 INFO: Assigned socket ID 1MOXSuYsH6pjgmXWAAAH to player Ali
2025-02-24 01:42:47,810 INFO: S0_jdVcH1zmumYPeAAAE: Received request to upgrade to websocket
2025-02-24 01:42:50,198 INFO: S0_jdVcH1zmumYPeAAAE: Upgrade to websocket successful
2025-02-24 01:42:50,213 INFO: kV7iFGYOYhtZUVKTAAAF: Upgrade to websocket successful
2025-02-24 01:42:50,216 INFO: S0_jdVcH1zmumYPeAAAE: Received packet MESSAGE data 2["verify_game",{"game_id":"8832","player_name":"Ali","transfer_id":"d73745b9-85b4-4a7d-b607-40a6f5eb788d"}]
2025-02-24 01:42:50,234 INFO: received event "verify_game" from 1MOXSuYsH6pjgmXWAAAH [/]
2025-02-24 01:42:50,240 DEBUG: Verifying game - game_id: 8832, player_name: Ali, transfer_id: d73745b9-85b4-4a7d-b607-40a6f5eb788d
2025-02-24 01:42:50,244 INFO: 1MOXSuYsH6pjgmXWAAAH is entering room 8832 [/]
2025-02-24 01:42:50,251 INFO: Player Ali verified and joined game room 8832
2025-02-24 01:42:50,254 INFO: emitting event "game_state" to 1MOXSuYsH6pjgmXWAAAH [/]
2025-02-24 01:42:50,256 INFO: S0_jdVcH1zmumYPeAAAE: Sending packet MESSAGE data 2["game_state",{"players":["Ziada","Ali"],"current_player":"Ziada","status":"playing","scores":{}}]
2025-02-24 01:42:50,258 INFO: kV7iFGYOYhtZUVKTAAAF: Received packet MESSAGE data 2["verify_game",{"game_id":"8832","player_name":"Ziada","transfer_id":"d73745b9-85b4-4a7d-b607-40a6f5eb788d"}]
2025-02-24 01:42:50,259 INFO: received event "verify_game" from PhLbcARc67KxU8EGAAAG [/]
2025-02-24 01:42:50,261 DEBUG: Verifying game - game_id: 8832, player_name: Ziada, transfer_id: d73745b9-85b4-4a7d-b607-40a6f5eb788d
2025-02-24 01:42:50,262 INFO: PhLbcARc67KxU8EGAAAG is entering room 8832 [/]
2025-02-24 01:42:50,263 INFO: Player Ziada verified and joined game room 8832
2025-02-24 01:42:50,264 INFO: emitting event "game_state" to PhLbcARc67KxU8EGAAAG [/]
2025-02-24 01:42:50,265 INFO: kV7iFGYOYhtZUVKTAAAF: Sending packet MESSAGE data 2["game_state",{"players":["Ziada","Ali"],"current_player":"Ziada","status":"playing","scores":{}}]
2025-02-24 01:42:50,266 INFO: emitting event "new_item" to PhLbcARc67KxU8EGAAAG [/]
2025-02-24 01:42:50,267 INFO: kV7iFGYOYhtZUVKTAAAF: Sending packet MESSAGE data 2["new_item",{"item":"\u0628\u0627\u0628 \u0627\u0644\u062d\u062f\u064a\u062f","category":"\u0641\u064a\u0644\u0645"}]
2025-02-24 02:19:10,128 INFO: Player disconnected: Ziada
2025-02-24 02:19:10,144 DEBUG: Session before connection: <SecureCookieSession {'_flashes': [('error', 'انت مش في اللعبة دي'), ('error', 'انت مش في اللعبة دي'), ('error', 'انت مش في اللعبة دي'), ('error', 'انت مش في اللعبة دي'), ('error', 'انت مش في اللعبة دي'), ('error', 'انت مش في اللعبة دي'), ('error', 'لم يتم العثور على اسم اللاعب')], '_permanent': True, 'game_id': '8832', 'is_host': True, 'player_name': 'Ziada'}>
2025-02-24 02:19:10,146 DEBUG: Is session permanent: True
2025-02-24 02:19:10,146 DEBUG: Session contents before connection: {'_flashes': [('error', 'انت مش في اللعبة دي'), ('error', 'انت مش في اللعبة دي'), ('error', 'انت مش في اللعبة دي'), ('error', 'انت مش في اللعبة دي'), ('error', 'انت مش في اللعبة دي'), ('error', 'انت مش في اللعبة دي'), ('error', 'لم يتم العثور على اسم اللاعب')], '_permanent': True, 'game_id': '8832', 'is_host': True, 'player_name': 'Ziada'}
2025-02-24 02:19:10,149 DEBUG: Game route - game_id: 8832, player_name: Ziada, transfer_id: d73745b9-85b4-4a7d-b607-40a6f5eb788d
2025-02-24 02:19:10,269 DEBUG: Session before connection: <SecureCookieSession {'_flashes': [('error', 'انت مش في اللعبة دي'), ('error', 'انت مش في اللعبة دي'), ('error', 'انت مش في اللعبة دي'), ('error', 'انت مش في اللعبة دي'), ('error', 'انت مش في اللعبة دي'), ('error', 'انت مش في اللعبة دي'), ('error', 'لم يتم العثور على اسم اللاعب')], '_permanent': True, 'game_id': '8832', 'is_host': True, 'player_name': 'Ziada'}>
2025-02-24 02:19:10,271 DEBUG: Is session permanent: True
2025-02-24 02:19:10,271 DEBUG: Session contents before connection: {'_flashes': [('error', 'انت مش في اللعبة دي'), ('error', 'انت مش في اللعبة دي'), ('error', 'انت مش في اللعبة دي'), ('error', 'انت مش في اللعبة دي'), ('error', 'انت مش في اللعبة دي'), ('error', 'انت مش في اللعبة دي'), ('error', 'لم يتم العثور على اسم اللاعب')], '_permanent': True, 'game_id': '8832', 'is_host': True, 'player_name': 'Ziada'}
2025-02-24 02:19:10,281 DEBUG: Session before connection: <SecureCookieSession {'_flashes': [('error', 'انت مش في اللعبة دي'), ('error', 'انت مش في اللعبة دي'), ('error', 'انت مش في اللعبة دي'), ('error', 'انت مش في اللعبة دي'), ('error', 'انت مش في اللعبة دي'), ('error', 'انت مش في اللعبة دي'), ('error', 'لم يتم العثور على اسم اللاعب')], '_permanent': True, 'game_id': '8832', 'is_host': True, 'player_name': 'Ziada'}>
2025-02-24 02:19:10,282 DEBUG: Is session permanent: True
2025-02-24 02:19:10,282 DEBUG: Session contents before connection: {'_flashes': [('error', 'انت مش في اللعبة دي'), ('error', 'انت مش في اللعبة دي'), ('error', 'انت مش في اللعبة دي'), ('error', 'انت مش في اللعبة دي'), ('error', 'انت مش في اللعبة دي'), ('error', 'انت مش في اللعبة دي'), ('error', 'لم يتم العثور على اسم اللاعب')], '_permanent': True, 'game_id': '8832', 'is_host': True, 'player_name': 'Ziada'}
2025-02-24 02:19:11,294 INFO: yGIGCFMwRcuUKZfUAAAI: Sending packet OPEN data {'sid': 'yGIGCFMwRcuUKZfUAAAI', 'upgrades': ['websocket'], 'pingTimeout': 15000000, 'pingInterval': 25000000, 'maxPayload': 1000000}
2025-02-24 02:19:11,370 INFO: yGIGCFMwRcuUKZfUAAAI: Received request to upgrade to websocket
2025-02-24 02:19:11,378 INFO: yGIGCFMwRcuUKZfUAAAI: Received packet MESSAGE data 0
2025-02-24 02:19:11,382 INFO: yGIGCFMwRcuUKZfUAAAI: Sending packet MESSAGE data 0{"sid":"LWfEtlfM7yyeEQVJAAAJ"}
2025-02-24 02:19:11,388 DEBUG: Client connected. Session: {'_flashes': [('error', 'انت مش في اللعبة دي'), ('error', 'انت مش في اللعبة دي'), ('error', 'انت مش في اللعبة دي'), ('error', 'انت مش في اللعبة دي'), ('error', 'انت مش في اللعبة دي'), ('error', 'انت مش في اللعبة دي'), ('error', 'لم يتم العثور على اسم اللاعب')], '_permanent': True, 'game_id': '8832', 'is_host': True, 'player_name': 'Ziada'}
2025-02-24 02:19:11,390 INFO: Assigned socket ID LWfEtlfM7yyeEQVJAAAJ to player Ziada
2025-02-24 02:19:12,542 INFO: yGIGCFMwRcuUKZfUAAAI: Upgrade to websocket successful
2025-02-24 02:19:12,569 INFO: yGIGCFMwRcuUKZfUAAAI: Received packet MESSAGE data 2["verify_game",{"game_id":"8832","player_name":"Ziada","transfer_id":"d73745b9-85b4-4a7d-b607-40a6f5eb788d"}]
2025-02-24 02:19:12,574 INFO: received event "verify_game" from LWfEtlfM7yyeEQVJAAAJ [/]
2025-02-24 02:19:12,578 DEBUG: Verifying game - game_id: 8832, player_name: Ziada, transfer_id: d73745b9-85b4-4a7d-b607-40a6f5eb788d
2025-02-24 02:19:12,579 INFO: LWfEtlfM7yyeEQVJAAAJ is entering room 8832 [/]
2025-02-24 02:19:12,581 INFO: Player Ziada verified and joined game room 8832
2025-02-24 02:19:12,582 INFO: emitting event "game_state" to LWfEtlfM7yyeEQVJAAAJ [/]
2025-02-24 02:19:12,585 INFO: yGIGCFMwRcuUKZfUAAAI: Sending packet MESSAGE data 2["game_state",{"players":["Ziada","Ali"],"current_player":"Ziada","status":"playing","scores":{}}]
2025-02-24 02:19:12,592 INFO: emitting event "new_item" to LWfEtlfM7yyeEQVJAAAJ [/]
2025-02-24 02:19:12,593 INFO: yGIGCFMwRcuUKZfUAAAI: Sending packet MESSAGE data 2["new_item",{"item":"\u0628\u0627\u0628 \u0627\u0644\u062d\u062f\u064a\u062f","category":"\u0641\u064a\u0644\u0645"}]
2025-02-24 02:19:14,766 INFO: yGIGCFMwRcuUKZfUAAAI: Received packet MESSAGE data 2["player_ready",{"game_id":"8832"}]
2025-02-24 02:19:14,769 INFO: received event "player_ready" from LWfEtlfM7yyeEQVJAAAJ [/]
2025-02-24 02:19:14,769 INFO: emitting event "timer_start" to 8832 [/]
2025-02-24 02:19:14,773 INFO: S0_jdVcH1zmumYPeAAAE: Sending packet MESSAGE data 2["timer_start",{"duration":120}]
2025-02-24 02:19:14,773 INFO: yGIGCFMwRcuUKZfUAAAI: Sending packet MESSAGE data 2["timer_start",{"duration":120}]
2025-02-24 02:19:14,775 INFO: emitting event "game_state" to 8832 [/]
2025-02-24 02:19:14,776 INFO: S0_jdVcH1zmumYPeAAAE: Sending packet MESSAGE data 2["game_state",{"players":["Ziada","Ali"],"status":"playing","current_player":"Ziada","message":"\u0628\u062f\u0623 \u062f\u0648\u0631 Ziada"}]
2025-02-24 02:19:14,781 INFO: yGIGCFMwRcuUKZfUAAAI: Sending packet MESSAGE data 2["game_state",{"players":["Ziada","Ali"],"status":"playing","current_player":"Ziada","message":"\u0628\u062f\u0623 \u062f\u0648\u0631 Ziada"}]
2025-02-24 02:21:14,803 INFO: yGIGCFMwRcuUKZfUAAAI: Received packet MESSAGE data 2["round_timeout",{"game_id":"8832"}]
2025-02-24 02:21:14,804 INFO: received event "round_timeout" from LWfEtlfM7yyeEQVJAAAJ [/]
2025-02-24 02:21:14,805 INFO: emitting event "new_item" to 1MOXSuYsH6pjgmXWAAAH [/]
2025-02-24 02:21:14,807 INFO: S0_jdVcH1zmumYPeAAAE: Sending packet MESSAGE data 2["new_item",{"item":"\u0627\u0644\u0643\u0631\u0646\u0643","category":"\u0641\u064a\u0644\u0645"}]
2025-02-24 02:21:14,807 INFO: emitting event "game_state" to 8832 [/]
2025-02-24 02:21:14,807 INFO: S0_jdVcH1zmumYPeAAAE: Sending packet MESSAGE data 2["game_state",{"players":["Ziada","Ali"],"status":"playing","current_player":"Ali","message":"\u0627\u0646\u062a\u0647\u0649 \u0627\u0644\u0648\u0642\u062a! \u062f\u0648\u0631 Ali"}]
2025-02-24 02:21:14,809 INFO: yGIGCFMwRcuUKZfUAAAI: Sending packet MESSAGE data 2["game_state",{"players":["Ziada","Ali"],"status":"playing","current_player":"Ali","message":"\u0627\u0646\u062a\u0647\u0649 \u0627\u0644\u0648\u0642\u062a! \u062f\u0648\u0631 Ali"}]
2025-02-24 02:21:23,546 INFO: Player disconnected: Ziada
2025-02-24 02:21:23,559 DEBUG: Session before connection: <SecureCookieSession {'_flashes': [('error', 'انت مش في اللعبة دي'), ('error', 'انت مش في اللعبة دي'), ('error', 'انت مش في اللعبة دي'), ('error', 'انت مش في اللعبة دي'), ('error', 'انت مش في اللعبة دي'), ('error', 'انت مش في اللعبة دي'), ('error', 'لم يتم العثور على اسم اللاعب')], '_permanent': True, 'game_id': '8832', 'is_host': True, 'player_name': 'Ziada'}>
2025-02-24 02:21:23,562 DEBUG: Is session permanent: True
2025-02-24 02:21:23,562 DEBUG: Session contents before connection: {'_flashes': [('error', 'انت مش في اللعبة دي'), ('error', 'انت مش في اللعبة دي'), ('error', 'انت مش في اللعبة دي'), ('error', 'انت مش في اللعبة دي'), ('error', 'انت مش في اللعبة دي'), ('error', 'انت مش في اللعبة دي'), ('error', 'لم يتم العثور على اسم اللاعب')], '_permanent': True, 'game_id': '8832', 'is_host': True, 'player_name': 'Ziada'}
2025-02-24 02:21:23,563 DEBUG: Game route - game_id: 8832, player_name: Ziada, transfer_id: d73745b9-85b4-4a7d-b607-40a6f5eb788d
2025-02-24 02:21:23,697 DEBUG: Session before connection: <SecureCookieSession {'_flashes': [('error', 'انت مش في اللعبة دي'), ('error', 'انت مش في اللعبة دي'), ('error', 'انت مش في اللعبة دي'), ('error', 'انت مش في اللعبة دي'), ('error', 'انت مش في اللعبة دي'), ('error', 'انت مش في اللعبة دي'), ('error', 'لم يتم العثور على اسم اللاعب')], '_permanent': True, 'game_id': '8832', 'is_host': True, 'player_name': 'Ziada'}>
2025-02-24 02:21:23,700 DEBUG: Is session permanent: True
2025-02-24 02:21:23,702 DEBUG: Session contents before connection: {'_flashes': [('error', 'انت مش في اللعبة دي'), ('error', 'انت مش في اللعبة دي'), ('error', 'انت مش في اللعبة دي'), ('error', 'انت مش في اللعبة دي'), ('error', 'انت مش في اللعبة دي'), ('error', 'انت مش في اللعبة دي'), ('error', 'لم يتم العثور على اسم اللاعب')], '_permanent': True, 'game_id': '8832', 'is_host': True, 'player_name': 'Ziada'}
2025-02-24 02:21:23,709 DEBUG: Session before connection: <SecureCookieSession {'_flashes': [('error', 'انت مش في اللعبة دي'), ('error', 'انت مش في اللعبة دي'), ('error', 'انت مش في اللعبة دي'), ('error', 'انت مش في اللعبة دي'), ('error', 'انت مش في اللعبة دي'), ('error', 'انت مش في اللعبة دي'), ('error', 'لم يتم العثور على اسم اللاعب')], '_permanent': True, 'game_id': '8832', 'is_host': True, 'player_name': 'Ziada'}>
2025-02-24 02:21:23,710 DEBUG: Is session permanent: True
2025-02-24 02:21:23,711 DEBUG: Session contents before connection: {'_flashes': [('error', 'انت مش في اللعبة دي'), ('error', 'انت مش في اللعبة دي'), ('error', 'انت مش في اللعبة دي'), ('error', 'انت مش في اللعبة دي'), ('error', 'انت مش في اللعبة دي'), ('error', 'انت مش في اللعبة دي'), ('error', 'لم يتم العثور على اسم اللاعب')], '_permanent': True, 'game_id': '8832', 'is_host': True, 'player_name': 'Ziada'}
2025-02-24 02:21:25,037 INFO: gW7EAn1pDG3NonkMAAAK: Sending packet OPEN data {'sid': 'gW7EAn1pDG3NonkMAAAK', 'upgrades': ['websocket'], 'pingTimeout': 15000000, 'pingInterval': 25000000, 'maxPayload': 1000000}
2025-02-24 02:21:25,632 INFO: gW7EAn1pDG3NonkMAAAK: Received request to upgrade to websocket
2025-02-24 02:21:25,639 INFO: gW7EAn1pDG3NonkMAAAK: Received packet MESSAGE data 0
2025-02-24 02:21:25,642 INFO: gW7EAn1pDG3NonkMAAAK: Sending packet MESSAGE data 0{"sid":"-TodgEg990pCSCusAAAL"}
2025-02-24 02:21:25,644 DEBUG: Client connected. Session: {'_flashes': [('error', 'انت مش في اللعبة دي'), ('error', 'انت مش في اللعبة دي'), ('error', 'انت مش في اللعبة دي'), ('error', 'انت مش في اللعبة دي'), ('error', 'انت مش في اللعبة دي'), ('error', 'انت مش في اللعبة دي'), ('error', 'لم يتم العثور على اسم اللاعب')], '_permanent': True, 'game_id': '8832', 'is_host': True, 'player_name': 'Ziada'}
2025-02-24 02:21:25,645 INFO: Assigned socket ID -TodgEg990pCSCusAAAL to player Ziada
2025-02-24 02:21:26,351 INFO: gW7EAn1pDG3NonkMAAAK: Upgrade to websocket successful
2025-02-24 02:21:26,367 INFO: gW7EAn1pDG3NonkMAAAK: Received packet MESSAGE data 2["verify_game",{"game_id":"8832","player_name":"Ziada","transfer_id":"d73745b9-85b4-4a7d-b607-40a6f5eb788d"}]
2025-02-24 02:21:26,368 INFO: received event "verify_game" from -TodgEg990pCSCusAAAL [/]
2025-02-24 02:21:26,556 DEBUG: Verifying game - game_id: 8832, player_name: Ziada, transfer_id: d73745b9-85b4-4a7d-b607-40a6f5eb788d
2025-02-24 02:21:26,561 INFO: -TodgEg990pCSCusAAAL is entering room 8832 [/]
2025-02-24 02:21:26,562 INFO: Player Ziada verified and joined game room 8832
2025-02-24 02:21:26,568 INFO: emitting event "game_state" to -TodgEg990pCSCusAAAL [/]
2025-02-24 02:21:26,596 INFO: gW7EAn1pDG3NonkMAAAK: Sending packet MESSAGE data 2["game_state",{"players":["Ziada","Ali"],"current_player":"Ali","status":"playing","scores":{}}]
2025-02-24 02:21:32,677 INFO: Player disconnected: Ali
2025-02-24 02:21:32,711 DEBUG: Session before connection: <SecureCookieSession {'_permanent': True, 'game_id': '8832', 'is_host': False, 'player_name': 'Ali'}>
2025-02-24 02:21:32,713 DEBUG: Is session permanent: True
2025-02-24 02:21:32,714 DEBUG: Session contents before connection: {'_permanent': True, 'game_id': '8832', 'is_host': False, 'player_name': 'Ali'}
2025-02-24 02:21:32,714 DEBUG: Game route - game_id: 8832, player_name: Ali, transfer_id: d73745b9-85b4-4a7d-b607-40a6f5eb788d
2025-02-24 02:21:32,840 DEBUG: Session before connection: <SecureCookieSession {'_permanent': True, 'game_id': '8832', 'is_host': False, 'player_name': 'Ali'}>
2025-02-24 02:21:32,842 DEBUG: Is session permanent: True
2025-02-24 02:21:32,842 DEBUG: Session contents before connection: {'_permanent': True, 'game_id': '8832', 'is_host': False, 'player_name': 'Ali'}
2025-02-24 02:21:32,846 DEBUG: Session before connection: <SecureCookieSession {'_permanent': True, 'game_id': '8832', 'is_host': False, 'player_name': 'Ali'}>
2025-02-24 02:21:32,846 DEBUG: Is session permanent: True
2025-02-24 02:21:32,846 DEBUG: Session contents before connection: {'_permanent': True, 'game_id': '8832', 'is_host': False, 'player_name': 'Ali'}
2025-02-24 02:21:33,126 INFO: MlybLXoFzwsjN_YzAAAM: Sending packet OPEN data {'sid': 'MlybLXoFzwsjN_YzAAAM', 'upgrades': ['websocket'], 'pingTimeout': 15000000, 'pingInterval': 25000000, 'maxPayload': 1000000}
2025-02-24 02:21:33,960 INFO: MlybLXoFzwsjN_YzAAAM: Received packet MESSAGE data 0
2025-02-24 02:21:33,961 INFO: MlybLXoFzwsjN_YzAAAM: Sending packet MESSAGE data 0{"sid":"MaCmPaGMsKLvDa0CAAAN"}
2025-02-24 02:21:33,963 DEBUG: Client connected. Session: {'_permanent': True, 'game_id': '8832', 'is_host': False, 'player_name': 'Ali'}
2025-02-24 02:21:33,964 INFO: Assigned socket ID MaCmPaGMsKLvDa0CAAAN to player Ali
2025-02-24 02:21:33,969 INFO: MlybLXoFzwsjN_YzAAAM: Received request to upgrade to websocket
2025-02-24 02:21:34,896 INFO: MlybLXoFzwsjN_YzAAAM: Received packet MESSAGE data 2["verify_game",{"game_id":"8832","player_name":"Ali","transfer_id":"d73745b9-85b4-4a7d-b607-40a6f5eb788d"}]
2025-02-24 02:21:34,897 INFO: received event "verify_game" from MaCmPaGMsKLvDa0CAAAN [/]
2025-02-24 02:21:34,900 DEBUG: Verifying game - game_id: 8832, player_name: Ali, transfer_id: d73745b9-85b4-4a7d-b607-40a6f5eb788d
2025-02-24 02:21:34,901 INFO: MaCmPaGMsKLvDa0CAAAN is entering room 8832 [/]
2025-02-24 02:21:34,902 INFO: Player Ali verified and joined game room 8832
2025-02-24 02:21:34,902 INFO: emitting event "game_state" to MaCmPaGMsKLvDa0CAAAN [/]
2025-02-24 02:21:34,903 INFO: MlybLXoFzwsjN_YzAAAM: Sending packet MESSAGE data 2["game_state",{"players":["Ziada","Ali"],"current_player":"Ali","status":"playing","scores":{}}]
2025-02-24 02:21:34,904 INFO: emitting event "new_item" to MaCmPaGMsKLvDa0CAAAN [/]
2025-02-24 02:21:34,913 INFO: MlybLXoFzwsjN_YzAAAM: Sending packet MESSAGE data 2["new_item",{"item":"\u0627\u0644\u0643\u0631\u0646\u0643","category":"\u0641\u064a\u0644\u0645"}]
2025-02-24 02:21:34,997 INFO: MlybLXoFzwsjN_YzAAAM: Upgrade to websocket successful
2025-02-24 02:21:38,012 INFO: MlybLXoFzwsjN_YzAAAM: Received packet MESSAGE data 2["player_ready",{"game_id":"8832"}]
2025-02-24 02:21:38,013 INFO: received event "player_ready" from MaCmPaGMsKLvDa0CAAAN [/]
2025-02-24 02:21:38,014 INFO: emitting event "timer_start" to 8832 [/]
2025-02-24 02:21:38,015 INFO: gW7EAn1pDG3NonkMAAAK: Sending packet MESSAGE data 2["timer_start",{"duration":120}]
2025-02-24 02:21:38,015 INFO: MlybLXoFzwsjN_YzAAAM: Sending packet MESSAGE data 2["timer_start",{"duration":120}]
2025-02-24 02:21:38,016 INFO: emitting event "game_state" to 8832 [/]
2025-02-24 02:21:38,016 INFO: gW7EAn1pDG3NonkMAAAK: Sending packet MESSAGE data 2["game_state",{"players":["Ziada","Ali"],"status":"playing","current_player":"Ali","message":"\u0628\u062f\u0623 \u062f\u0648\u0631 Ali"}]
2025-02-24 02:21:38,019 INFO: MlybLXoFzwsjN_YzAAAM: Sending packet MESSAGE data 2["game_state",{"players":["Ziada","Ali"],"status":"playing","current_player":"Ali","message":"\u0628\u062f\u0623 \u062f\u0648\u0631 Ali"}]
2025-02-24 02:23:38,038 INFO: MlybLXoFzwsjN_YzAAAM: Received packet MESSAGE data 2["round_timeout",{"game_id":"8832"}]
2025-02-24 02:23:38,039 INFO: received event "round_timeout" from MaCmPaGMsKLvDa0CAAAN [/]
2025-02-24 02:23:38,041 INFO: emitting event "new_item" to -TodgEg990pCSCusAAAL [/]
2025-02-24 02:23:38,042 INFO: gW7EAn1pDG3NonkMAAAK: Sending packet MESSAGE data 2["new_item",{"item":"\u0627\u0644\u0643\u0631\u0646\u0643","category":"\u0641\u064a\u0644\u0645"}]
2025-02-24 02:23:38,043 INFO: emitting event "game_state" to 8832 [/]
2025-02-24 02:23:38,043 INFO: gW7EAn1pDG3NonkMAAAK: Sending packet MESSAGE data 2["game_state",{"players":["Ziada","Ali"],"status":"playing","current_player":"Ziada","message":"\u0627\u0646\u062a\u0647\u0649 \u0627\u0644\u0648\u0642\u062a! \u062f\u0648\u0631 Ziada"}]
2025-02-24 02:23:38,044 INFO: MlybLXoFzwsjN_YzAAAM: Sending packet MESSAGE data 2["game_state",{"players":["Ziada","Ali"],"status":"playing","current_player":"Ziada","message":"\u0627\u0646\u062a\u0647\u0649 \u0627\u0644\u0648\u0642\u062a! \u062f\u0648\u0631 Ziada"}]
2025-02-24 02:40:04,010 INFO: gW7EAn1pDG3NonkMAAAK: Received packet MESSAGE data 2["round_timeout",{"game_id":"8832"}]
2025-02-24 02:40:04,011 INFO: received event "round_timeout" from -TodgEg990pCSCusAAAL [/]
2025-02-24 02:40:04,014 INFO: emitting event "new_item" to MaCmPaGMsKLvDa0CAAAN [/]
2025-02-24 02:40:04,015 INFO: MlybLXoFzwsjN_YzAAAM: Sending packet MESSAGE data 2["new_item",{"item":"\u0632\u064a\u0632\u064a\u0646\u064a\u0627","category":"\u0645\u0633\u0644\u0633\u0644"}]
2025-02-24 02:40:04,015 INFO: emitting event "game_state" to 8832 [/]
2025-02-24 02:40:04,016 INFO: gW7EAn1pDG3NonkMAAAK: Sending packet MESSAGE data 2["game_state",{"players":["Ziada","Ali"],"status":"playing","current_player":"Ali","message":"\u0627\u0646\u062a\u0647\u0649 \u0627\u0644\u0648\u0642\u062a! \u062f\u0648\u0631 Ali"}]
2025-02-24 02:40:04,016 INFO: MlybLXoFzwsjN_YzAAAM: Sending packet MESSAGE data 2["game_state",{"players":["Ziada","Ali"],"status":"playing","current_player":"Ali","message":"\u0627\u0646\u062a\u0647\u0649 \u0627\u0644\u0648\u0642\u062a! \u062f\u0648\u0631 Ali"}]
2025-02-24 02:53:18,555 INFO: Player disconnected: Ziada
2025-02-24 02:53:18,568 DEBUG: Session before connection: <SecureCookieSession {'_flashes': [('error', 'انت مش في اللعبة دي'), ('error', 'انت مش في اللعبة دي'), ('error', 'انت مش في اللعبة دي'), ('error', 'انت مش في اللعبة دي'), ('error', 'انت مش في اللعبة دي'), ('error', 'انت مش في اللعبة دي'), ('error', 'لم يتم العثور على اسم اللاعب')], '_permanent': True, 'game_id': '8832', 'is_host': True, 'player_name': 'Ziada'}>
2025-02-24 02:53:18,570 DEBUG: Is session permanent: True
2025-02-24 02:53:18,570 DEBUG: Session contents before connection: {'_flashes': [('error', 'انت مش في اللعبة دي'), ('error', 'انت مش في اللعبة دي'), ('error', 'انت مش في اللعبة دي'), ('error', 'انت مش في اللعبة دي'), ('error', 'انت مش في اللعبة دي'), ('error', 'انت مش في اللعبة دي'), ('error', 'لم يتم العثور على اسم اللاعب')], '_permanent': True, 'game_id': '8832', 'is_host': True, 'player_name': 'Ziada'}
2025-02-24 02:53:18,571 DEBUG: Game route - game_id: 8832, player_name: Ziada, transfer_id: d73745b9-85b4-4a7d-b607-40a6f5eb788d
2025-02-24 02:53:18,690 DEBUG: Session before connection: <SecureCookieSession {'_flashes': [('error', 'انت مش في اللعبة دي'), ('error', 'انت مش في اللعبة دي'), ('error', 'انت مش في اللعبة دي'), ('error', 'انت مش في اللعبة دي'), ('error', 'انت مش في اللعبة دي'), ('error', 'انت مش في اللعبة دي'), ('error', 'لم يتم العثور على اسم اللاعب')], '_permanent': True, 'game_id': '8832', 'is_host': True, 'player_name': 'Ziada'}>
2025-02-24 02:53:18,692 DEBUG: Is session permanent: True
2025-02-24 02:53:18,692 DEBUG: Session contents before connection: {'_flashes': [('error', 'انت مش في اللعبة دي'), ('error', 'انت مش في اللعبة دي'), ('error', 'انت مش في اللعبة دي'), ('error', 'انت مش في اللعبة دي'), ('error', 'انت مش في اللعبة دي'), ('error', 'انت مش في اللعبة دي'), ('error', 'لم يتم العثور على اسم اللاعب')], '_permanent': True, 'game_id': '8832', 'is_host': True, 'player_name': 'Ziada'}
2025-02-24 02:53:18,703 DEBUG: Session before connection: <SecureCookieSession {'_flashes': [('error', 'انت مش في اللعبة دي'), ('error', 'انت مش في اللعبة دي'), ('error', 'انت مش في اللعبة دي'), ('error', 'انت مش في اللعبة دي'), ('error', 'انت مش في اللعبة دي'), ('error', 'انت مش في اللعبة دي'), ('error', 'لم يتم العثور على اسم اللاعب')], '_permanent': True, 'game_id': '8832', 'is_host': True, 'player_name': 'Ziada'}>
2025-02-24 02:53:18,704 DEBUG: Is session permanent: True
2025-02-24 02:53:18,704 DEBUG: Session contents before connection: {'_flashes': [('error', 'انت مش في اللعبة دي'), ('error', 'انت مش في اللعبة دي'), ('error', 'انت مش في اللعبة دي'), ('error', 'انت مش في اللعبة دي'), ('error', 'انت مش في اللعبة دي'), ('error', 'انت مش في اللعبة دي'), ('error', 'لم يتم العثور على اسم اللاعب')], '_permanent': True, 'game_id': '8832', 'is_host': True, 'player_name': 'Ziada'}
2025-02-24 02:53:19,799 INFO: IppzqQCvOvrZQF5KAAAO: Sending packet OPEN data {'sid': 'IppzqQCvOvrZQF5KAAAO', 'upgrades': ['websocket'], 'pingTimeout': 15000000, 'pingInterval': 25000000, 'maxPayload': 1000000}
2025-02-24 02:53:19,911 INFO: IppzqQCvOvrZQF5KAAAO: Received request to upgrade to websocket
2025-02-24 02:53:20,019 DEBUG: Session before connection: <SecureCookieSession {'_flashes': [('error', 'انت مش في اللعبة دي'), ('error', 'انت مش في اللعبة دي'), ('error', 'انت مش في اللعبة دي'), ('error', 'انت مش في اللعبة دي'), ('error', 'انت مش في اللعبة دي'), ('error', 'انت مش في اللعبة دي'), ('error', 'لم يتم العثور على اسم اللاعب')], '_permanent': True, 'game_id': '8832', 'is_host': True, 'player_name': 'Ziada'}>
2025-02-24 02:53:20,019 DEBUG: Is session permanent: True
2025-02-24 02:53:20,020 DEBUG: Session contents before connection: {'_flashes': [('error', 'انت مش في اللعبة دي'), ('error', 'انت مش في اللعبة دي'), ('error', 'انت مش في اللعبة دي'), ('error', 'انت مش في اللعبة دي'), ('error', 'انت مش في اللعبة دي'), ('error', 'انت مش في اللعبة دي'), ('error', 'لم يتم العثور على اسم اللاعب')], '_permanent': True, 'game_id': '8832', 'is_host': True, 'player_name': 'Ziada'}
2025-02-24 02:53:20,026 DEBUG: Session before connection: <SecureCookieSession {'_flashes': [('error', 'انت مش في اللعبة دي'), ('error', 'انت مش في اللعبة دي'), ('error', 'انت مش في اللعبة دي'), ('error', 'انت مش في اللعبة دي'), ('error', 'انت مش في اللعبة دي'), ('error', 'انت مش في اللعبة دي'), ('error', 'لم يتم العثور على اسم اللاعب')], '_permanent': True, 'game_id': '8832', 'is_host': True, 'player_name': 'Ziada'}>
2025-02-24 02:53:20,027 DEBUG: Is session permanent: True
2025-02-24 02:53:20,027 DEBUG: Session contents before connection: {'_flashes': [('error', 'انت مش في اللعبة دي'), ('error', 'انت مش في اللعبة دي'), ('error', 'انت مش في اللعبة دي'), ('error', 'انت مش في اللعبة دي'), ('error', 'انت مش في اللعبة دي'), ('error', 'انت مش في اللعبة دي'), ('error', 'لم يتم العثور على اسم اللاعب')], '_permanent': True, 'game_id': '8832', 'is_host': True, 'player_name': 'Ziada'}
2025-02-24 02:53:20,071 DEBUG: Session before connection: <SecureCookieSession {'_flashes': [('error', 'انت مش في اللعبة دي'), ('error', 'انت مش في اللعبة دي'), ('error', 'انت مش في اللعبة دي'), ('error', 'انت مش في اللعبة دي'), ('error', 'انت مش في اللعبة دي'), ('error', 'انت مش في اللعبة دي'), ('error', 'لم يتم العثور على اسم اللاعب')], '_permanent': True, 'game_id': '8832', 'is_host': True, 'player_name': 'Ziada'}>
2025-02-24 02:53:20,073 DEBUG: Is session permanent: True
2025-02-24 02:53:20,074 DEBUG: Session contents before connection: {'_flashes': [('error', 'انت مش في اللعبة دي'), ('error', 'انت مش في اللعبة دي'), ('error', 'انت مش في اللعبة دي'), ('error', 'انت مش في اللعبة دي'), ('error', 'انت مش في اللعبة دي'), ('error', 'انت مش في اللعبة دي'), ('error', 'لم يتم العثور على اسم اللاعب')], '_permanent': True, 'game_id': '8832', 'is_host': True, 'player_name': 'Ziada'}
2025-02-24 02:53:20,079 INFO: IppzqQCvOvrZQF5KAAAO: Received packet MESSAGE data 0
2025-02-24 02:53:20,083 INFO: IppzqQCvOvrZQF5KAAAO: Sending packet MESSAGE data 0{"sid":"RmOT31XM91964aBuAAAP"}
2025-02-24 02:53:20,086 DEBUG: Client connected. Session: {'_flashes': [('error', 'انت مش في اللعبة دي'), ('error', 'انت مش في اللعبة دي'), ('error', 'انت مش في اللعبة دي'), ('error', 'انت مش في اللعبة دي'), ('error', 'انت مش في اللعبة دي'), ('error', 'انت مش في اللعبة دي'), ('error', 'لم يتم العثور على اسم اللاعب')], '_permanent': True, 'game_id': '8832', 'is_host': True, 'player_name': 'Ziada'}
2025-02-24 02:53:20,088 INFO: Assigned socket ID RmOT31XM91964aBuAAAP to player Ziada
2025-02-24 02:53:21,003 INFO: IppzqQCvOvrZQF5KAAAO: Upgrade to websocket successful
2025-02-24 02:53:21,151 INFO: IppzqQCvOvrZQF5KAAAO: Received packet MESSAGE data 2["verify_game",{"game_id":"8832","player_name":"Ziada","transfer_id":"d73745b9-85b4-4a7d-b607-40a6f5eb788d"}]
2025-02-24 02:53:21,155 INFO: received event "verify_game" from RmOT31XM91964aBuAAAP [/]
2025-02-24 02:53:21,165 DEBUG: Verifying game - game_id: 8832, player_name: Ziada, transfer_id: d73745b9-85b4-4a7d-b607-40a6f5eb788d
2025-02-24 02:53:21,179 INFO: RmOT31XM91964aBuAAAP is entering room 8832 [/]
2025-02-24 02:53:21,193 INFO: Player Ziada verified and joined game room 8832
2025-02-24 02:53:21,194 INFO: emitting event "game_state" to RmOT31XM91964aBuAAAP [/]
2025-02-24 02:53:21,210 INFO: IppzqQCvOvrZQF5KAAAO: Sending packet MESSAGE data 2["game_state",{"players":["Ziada","Ali"],"current_player":"Ali","status":"playing","scores":{}}]
2025-02-24 02:53:59,523 INFO: Player disconnected: Ali
2025-02-24 02:53:59,554 DEBUG: Session before connection: <SecureCookieSession {'_permanent': True, 'game_id': '8832', 'is_host': False, 'player_name': 'Ali'}>
2025-02-24 02:53:59,555 DEBUG: Is session permanent: True
2025-02-24 02:53:59,555 DEBUG: Session contents before connection: {'_permanent': True, 'game_id': '8832', 'is_host': False, 'player_name': 'Ali'}
2025-02-24 02:53:59,555 DEBUG: Game route - game_id: 8832, player_name: Ali, transfer_id: d73745b9-85b4-4a7d-b607-40a6f5eb788d
2025-02-24 02:53:59,686 DEBUG: Session before connection: <SecureCookieSession {'_permanent': True, 'game_id': '8832', 'is_host': False, 'player_name': 'Ali'}>
2025-02-24 02:53:59,688 DEBUG: Is session permanent: True
2025-02-24 02:53:59,688 DEBUG: Session contents before connection: {'_permanent': True, 'game_id': '8832', 'is_host': False, 'player_name': 'Ali'}
2025-02-24 02:53:59,701 DEBUG: Session before connection: <SecureCookieSession {'_permanent': True, 'game_id': '8832', 'is_host': False, 'player_name': 'Ali'}>
2025-02-24 02:53:59,703 DEBUG: Is session permanent: True
2025-02-24 02:53:59,704 DEBUG: Session contents before connection: {'_permanent': True, 'game_id': '8832', 'is_host': False, 'player_name': 'Ali'}
2025-02-24 02:53:59,788 INFO: vjJE1cH_JYbM8yZSAAAQ: Sending packet OPEN data {'sid': 'vjJE1cH_JYbM8yZSAAAQ', 'upgrades': ['websocket'], 'pingTimeout': 15000000, 'pingInterval': 25000000, 'maxPayload': 1000000}
2025-02-24 02:53:59,937 DEBUG: Session before connection: <SecureCookieSession {'_permanent': True, 'game_id': '8832', 'is_host': False, 'player_name': 'Ali'}>
2025-02-24 02:53:59,967 DEBUG: Is session permanent: True
2025-02-24 02:53:59,973 DEBUG: Session contents before connection: {'_permanent': True, 'game_id': '8832', 'is_host': False, 'player_name': 'Ali'}
2025-02-24 02:54:00,055 INFO: vjJE1cH_JYbM8yZSAAAQ: Received packet MESSAGE data 0
2025-02-24 02:54:00,057 INFO: vjJE1cH_JYbM8yZSAAAQ: Sending packet MESSAGE data 0{"sid":"REEXAJSpw0Fzlnp_AAAR"}
2025-02-24 02:54:00,060 DEBUG: Client connected. Session: {'_permanent': True, 'game_id': '8832', 'is_host': False, 'player_name': 'Ali'}
2025-02-24 02:54:00,061 INFO: Assigned socket ID REEXAJSpw0Fzlnp_AAAR to player Ali
2025-02-24 02:54:00,066 INFO: vjJE1cH_JYbM8yZSAAAQ: Received request to upgrade to websocket
2025-02-24 02:54:00,089 DEBUG: Session before connection: <SecureCookieSession {'_permanent': True, 'game_id': '8832', 'is_host': False, 'player_name': 'Ali'}>
2025-02-24 02:54:00,089 DEBUG: Is session permanent: True
2025-02-24 02:54:00,090 DEBUG: Session contents before connection: {'_permanent': True, 'game_id': '8832', 'is_host': False, 'player_name': 'Ali'}
2025-02-24 02:54:00,103 DEBUG: Session before connection: <SecureCookieSession {'_permanent': True, 'game_id': '8832', 'is_host': False, 'player_name': 'Ali'}>
2025-02-24 02:54:00,106 DEBUG: Is session permanent: True
2025-02-24 02:54:00,107 DEBUG: Session contents before connection: {'_permanent': True, 'game_id': '8832', 'is_host': False, 'player_name': 'Ali'}
2025-02-24 02:54:01,812 INFO: vjJE1cH_JYbM8yZSAAAQ: Upgrade to websocket successful
2025-02-24 02:54:01,821 INFO: vjJE1cH_JYbM8yZSAAAQ: Received packet MESSAGE data 2["verify_game",{"game_id":"8832","player_name":"Ali","transfer_id":"d73745b9-85b4-4a7d-b607-40a6f5eb788d"}]
2025-02-24 02:54:01,822 INFO: received event "verify_game" from REEXAJSpw0Fzlnp_AAAR [/]
2025-02-24 02:54:01,826 DEBUG: Verifying game - game_id: 8832, player_name: Ali, transfer_id: d73745b9-85b4-4a7d-b607-40a6f5eb788d
2025-02-24 02:54:01,828 INFO: REEXAJSpw0Fzlnp_AAAR is entering room 8832 [/]
2025-02-24 02:54:01,837 INFO: Player Ali verified and joined game room 8832
2025-02-24 02:54:01,838 INFO: emitting event "game_state" to REEXAJSpw0Fzlnp_AAAR [/]
2025-02-24 02:54:01,839 INFO: vjJE1cH_JYbM8yZSAAAQ: Sending packet MESSAGE data 2["game_state",{"players":["Ziada","Ali"],"current_player":"Ali","status":"playing","scores":{}}]
2025-02-24 02:54:01,839 INFO: emitting event "new_item" to REEXAJSpw0Fzlnp_AAAR [/]
2025-02-24 02:54:01,840 INFO: vjJE1cH_JYbM8yZSAAAQ: Sending packet MESSAGE data 2["new_item",{"item":"\u0632\u064a\u0632\u064a\u0646\u064a\u0627","category":"\u0645\u0633\u0644\u0633\u0644"}]
2025-02-24 02:55:12,520 INFO: Player disconnected: Ziada
2025-02-24 02:55:12,532 DEBUG: Session before connection: <SecureCookieSession {'_flashes': [('error', 'انت مش في اللعبة دي'), ('error', 'انت مش في اللعبة دي'), ('error', 'انت مش في اللعبة دي'), ('error', 'انت مش في اللعبة دي'), ('error', 'انت مش في اللعبة دي'), ('error', 'انت مش في اللعبة دي'), ('error', 'لم يتم العثور على اسم اللاعب')], '_permanent': True, 'game_id': '8832', 'is_host': True, 'player_name': 'Ziada'}>
2025-02-24 02:55:12,534 DEBUG: Is session permanent: True
2025-02-24 02:55:12,534 DEBUG: Session contents before connection: {'_flashes': [('error', 'انت مش في اللعبة دي'), ('error', 'انت مش في اللعبة دي'), ('error', 'انت مش في اللعبة دي'), ('error', 'انت مش في اللعبة دي'), ('error', 'انت مش في اللعبة دي'), ('error', 'انت مش في اللعبة دي'), ('error', 'لم يتم العثور على اسم اللاعب')], '_permanent': True, 'game_id': '8832', 'is_host': True, 'player_name': 'Ziada'}
2025-02-24 02:55:12,535 DEBUG: Game route - game_id: 8832, player_name: Ziada, transfer_id: d73745b9-85b4-4a7d-b607-40a6f5eb788d
2025-02-24 02:55:12,689 DEBUG: Session before connection: <SecureCookieSession {'_flashes': [('error', 'انت مش في اللعبة دي'), ('error', 'انت مش في اللعبة دي'), ('error', 'انت مش في اللعبة دي'), ('error', 'انت مش في اللعبة دي'), ('error', 'انت مش في اللعبة دي'), ('error', 'انت مش في اللعبة دي'), ('error', 'لم يتم العثور على اسم اللاعب')], '_permanent': True, 'game_id': '8832', 'is_host': True, 'player_name': 'Ziada'}>
2025-02-24 02:55:12,690 DEBUG: Is session permanent: True
2025-02-24 02:55:12,690 DEBUG: Session contents before connection: {'_flashes': [('error', 'انت مش في اللعبة دي'), ('error', 'انت مش في اللعبة دي'), ('error', 'انت مش في اللعبة دي'), ('error', 'انت مش في اللعبة دي'), ('error', 'انت مش في اللعبة دي'), ('error', 'انت مش في اللعبة دي'), ('error', 'لم يتم العثور على اسم اللاعب')], '_permanent': True, 'game_id': '8832', 'is_host': True, 'player_name': 'Ziada'}
2025-02-24 02:55:12,700 DEBUG: Session before connection: <SecureCookieSession {'_flashes': [('error', 'انت مش في اللعبة دي'), ('error', 'انت مش في اللعبة دي'), ('error', 'انت مش في اللعبة دي'), ('error', 'انت مش في اللعبة دي'), ('error', 'انت مش في اللعبة دي'), ('error', 'انت مش في اللعبة دي'), ('error', 'لم يتم العثور على اسم اللاعب')], '_permanent': True, 'game_id': '8832', 'is_host': True, 'player_name': 'Ziada'}>
2025-02-24 02:55:12,701 DEBUG: Is session permanent: True
2025-02-24 02:55:12,701 DEBUG: Session contents before connection: {'_flashes': [('error', 'انت مش في اللعبة دي'), ('error', 'انت مش في اللعبة دي'), ('error', 'انت مش في اللعبة دي'), ('error', 'انت مش في اللعبة دي'), ('error', 'انت مش في اللعبة دي'), ('error', 'انت مش في اللعبة دي'), ('error', 'لم يتم العثور على اسم اللاعب')], '_permanent': True, 'game_id': '8832', 'is_host': True, 'player_name': 'Ziada'}
2025-02-24 02:55:13,655 INFO: H759iR84wdDDnDOlAAAS: Sending packet OPEN data {'sid': 'H759iR84wdDDnDOlAAAS', 'upgrades': ['websocket'], 'pingTimeout': 15000000, 'pingInterval': 25000000, 'maxPayload': 1000000}
2025-02-24 02:55:13,716 INFO: H759iR84wdDDnDOlAAAS: Received request to upgrade to websocket
2025-02-24 02:55:13,719 INFO: H759iR84wdDDnDOlAAAS: Received packet MESSAGE data 0
2025-02-24 02:55:13,720 INFO: H759iR84wdDDnDOlAAAS: Sending packet MESSAGE data 0{"sid":"3qeVkudVqPCR7x9MAAAT"}
2025-02-24 02:55:13,722 DEBUG: Client connected. Session: {'_flashes': [('error', 'انت مش في اللعبة دي'), ('error', 'انت مش في اللعبة دي'), ('error', 'انت مش في اللعبة دي'), ('error', 'انت مش في اللعبة دي'), ('error', 'انت مش في اللعبة دي'), ('error', 'انت مش في اللعبة دي'), ('error', 'لم يتم العثور على اسم اللاعب')], '_permanent': True, 'game_id': '8832', 'is_host': True, 'player_name': 'Ziada'}
2025-02-24 02:55:13,723 INFO: Assigned socket ID 3qeVkudVqPCR7x9MAAAT to player Ziada
2025-02-24 02:55:13,726 DEBUG: Session before connection: <SecureCookieSession {'_flashes': [('error', 'انت مش في اللعبة دي'), ('error', 'انت مش في اللعبة دي'), ('error', 'انت مش في اللعبة دي'), ('error', 'انت مش في اللعبة دي'), ('error', 'انت مش في اللعبة دي'), ('error', 'انت مش في اللعبة دي'), ('error', 'لم يتم العثور على اسم اللاعب')], '_permanent': True, 'game_id': '8832', 'is_host': True, 'player_name': 'Ziada'}>
2025-02-24 02:55:13,726 DEBUG: Is session permanent: True
2025-02-24 02:55:13,727 DEBUG: Session contents before connection: {'_flashes': [('error', 'انت مش في اللعبة دي'), ('error', 'انت مش في اللعبة دي'), ('error', 'انت مش في اللعبة دي'), ('error', 'انت مش في اللعبة دي'), ('error', 'انت مش في اللعبة دي'), ('error', 'انت مش في اللعبة دي'), ('error', 'لم يتم العثور على اسم اللاعب')], '_permanent': True, 'game_id': '8832', 'is_host': True, 'player_name': 'Ziada'}
2025-02-24 02:55:13,734 DEBUG: Session before connection: <SecureCookieSession {'_flashes': [('error', 'انت مش في اللعبة دي'), ('error', 'انت مش في اللعبة دي'), ('error', 'انت مش في اللعبة دي'), ('error', 'انت مش في اللعبة دي'), ('error', 'انت مش في اللعبة دي'), ('error', 'انت مش في اللعبة دي'), ('error', 'لم يتم العثور على اسم اللاعب')], '_permanent': True, 'game_id': '8832', 'is_host': True, 'player_name': 'Ziada'}>
2025-02-24 02:55:13,737 DEBUG: Is session permanent: True
2025-02-24 02:55:13,738 DEBUG: Session contents before connection: {'_flashes': [('error', 'انت مش في اللعبة دي'), ('error', 'انت مش في اللعبة دي'), ('error', 'انت مش في اللعبة دي'), ('error', 'انت مش في اللعبة دي'), ('error', 'انت مش في اللعبة دي'), ('error', 'انت مش في اللعبة دي'), ('error', 'لم يتم العثور على اسم اللاعب')], '_permanent': True, 'game_id': '8832', 'is_host': True, 'player_name': 'Ziada'}
2025-02-24 02:55:13,748 DEBUG: Session before connection: <SecureCookieSession {'_flashes': [('error', 'انت مش في اللعبة دي'), ('error', 'انت مش في اللعبة دي'), ('error', 'انت مش في اللعبة دي'), ('error', 'انت مش في اللعبة دي'), ('error', 'انت مش في اللعبة دي'), ('error', 'انت مش في اللعبة دي'), ('error', 'لم يتم العثور على اسم اللاعب')], '_permanent': True, 'game_id': '8832', 'is_host': True, 'player_name': 'Ziada'}>
2025-02-24 02:55:13,752 DEBUG: Is session permanent: True
2025-02-24 02:55:13,753 DEBUG: Session contents before connection: {'_flashes': [('error', 'انت مش في اللعبة دي'), ('error', 'انت مش في اللعبة دي'), ('error', 'انت مش في اللعبة دي'), ('error', 'انت مش في اللعبة دي'), ('error', 'انت مش في اللعبة دي'), ('error', 'انت مش في اللعبة دي'), ('error', 'لم يتم العثور على اسم اللاعب')], '_permanent': True, 'game_id': '8832', 'is_host': True, 'player_name': 'Ziada'}
2025-02-24 02:55:15,000 INFO: H759iR84wdDDnDOlAAAS: Upgrade to websocket successful
2025-02-24 02:55:15,062 INFO: H759iR84wdDDnDOlAAAS: Received packet MESSAGE data 2["verify_game",{"game_id":"8832","player_name":"Ziada","transfer_id":"d73745b9-85b4-4a7d-b607-40a6f5eb788d"}]
2025-02-24 02:55:15,066 INFO: received event "verify_game" from 3qeVkudVqPCR7x9MAAAT [/]
2025-02-24 02:55:15,069 DEBUG: Verifying game - game_id: 8832, player_name: Ziada, transfer_id: d73745b9-85b4-4a7d-b607-40a6f5eb788d
2025-02-24 02:55:15,070 INFO: 3qeVkudVqPCR7x9MAAAT is entering room 8832 [/]
2025-02-24 02:55:15,070 INFO: Player Ziada verified and joined game room 8832
2025-02-24 02:55:15,070 INFO: emitting event "game_state" to 3qeVkudVqPCR7x9MAAAT [/]
2025-02-24 02:55:15,071 INFO: H759iR84wdDDnDOlAAAS: Sending packet MESSAGE data 2["game_state",{"players":["Ziada","Ali"],"current_player":"Ali","status":"playing","scores":{}}]
2025-02-24 02:55:20,346 INFO: Player disconnected: Ali
2025-02-24 02:55:20,379 DEBUG: Session before connection: <SecureCookieSession {'_permanent': True, 'game_id': '8832', 'is_host': False, 'player_name': 'Ali'}>
2025-02-24 02:55:20,380 DEBUG: Is session permanent: True
2025-02-24 02:55:20,381 DEBUG: Session contents before connection: {'_permanent': True, 'game_id': '8832', 'is_host': False, 'player_name': 'Ali'}
2025-02-24 02:55:20,381 DEBUG: Game route - game_id: 8832, player_name: Ali, transfer_id: d73745b9-85b4-4a7d-b607-40a6f5eb788d
2025-02-24 02:55:20,511 DEBUG: Session before connection: <SecureCookieSession {'_permanent': True, 'game_id': '8832', 'is_host': False, 'player_name': 'Ali'}>
2025-02-24 02:55:20,513 DEBUG: Is session permanent: True
2025-02-24 02:55:20,513 DEBUG: Session contents before connection: {'_permanent': True, 'game_id': '8832', 'is_host': False, 'player_name': 'Ali'}
2025-02-24 02:55:20,522 DEBUG: Session before connection: <SecureCookieSession {'_permanent': True, 'game_id': '8832', 'is_host': False, 'player_name': 'Ali'}>
2025-02-24 02:55:20,522 DEBUG: Is session permanent: True
2025-02-24 02:55:20,524 DEBUG: Session contents before connection: {'_permanent': True, 'game_id': '8832', 'is_host': False, 'player_name': 'Ali'}
2025-02-24 02:55:20,621 INFO: uYptBYbNIlsPixtPAAAU: Sending packet OPEN data {'sid': 'uYptBYbNIlsPixtPAAAU', 'upgrades': ['websocket'], 'pingTimeout': 15000000, 'pingInterval': 25000000, 'maxPayload': 1000000}
2025-02-24 02:55:20,718 DEBUG: Session before connection: <SecureCookieSession {'_permanent': True, 'game_id': '8832', 'is_host': False, 'player_name': 'Ali'}>
2025-02-24 02:55:20,727 DEBUG: Is session permanent: True
2025-02-24 02:55:20,732 DEBUG: Session contents before connection: {'_permanent': True, 'game_id': '8832', 'is_host': False, 'player_name': 'Ali'}
2025-02-24 02:55:21,044 DEBUG: Session before connection: <SecureCookieSession {'_permanent': True, 'game_id': '8832', 'is_host': False, 'player_name': 'Ali'}>
2025-02-24 02:55:21,046 DEBUG: Is session permanent: True
2025-02-24 02:55:21,051 DEBUG: Session contents before connection: {'_permanent': True, 'game_id': '8832', 'is_host': False, 'player_name': 'Ali'}
2025-02-24 02:55:21,138 DEBUG: Session before connection: <SecureCookieSession {'_permanent': True, 'game_id': '8832', 'is_host': False, 'player_name': 'Ali'}>
2025-02-24 02:55:21,139 DEBUG: Is session permanent: True
2025-02-24 02:55:21,140 DEBUG: Session contents before connection: {'_permanent': True, 'game_id': '8832', 'is_host': False, 'player_name': 'Ali'}
2025-02-24 02:55:21,148 DEBUG: Session before connection: <SecureCookieSession {'_permanent': True, 'game_id': '8832', 'is_host': False, 'player_name': 'Ali'}>
2025-02-24 02:55:21,149 DEBUG: Is session permanent: True
2025-02-24 02:55:21,150 DEBUG: Session contents before connection: {'_permanent': True, 'game_id': '8832', 'is_host': False, 'player_name': 'Ali'}
2025-02-24 02:55:21,275 INFO: uYptBYbNIlsPixtPAAAU: Received request to upgrade to websocket
2025-02-24 02:55:21,279 INFO: uYptBYbNIlsPixtPAAAU: Received packet MESSAGE data 0
2025-02-24 02:55:21,281 INFO: uYptBYbNIlsPixtPAAAU: Sending packet MESSAGE data 0{"sid":"V1YQJn37A-YyVQe8AAAV"}
2025-02-24 02:55:21,284 DEBUG: Client connected. Session: {'_permanent': True, 'game_id': '8832', 'is_host': False, 'player_name': 'Ali'}
2025-02-24 02:55:21,285 INFO: Assigned socket ID V1YQJn37A-YyVQe8AAAV to player Ali
2025-02-24 02:55:23,439 INFO: uYptBYbNIlsPixtPAAAU: Upgrade to websocket successful
2025-02-24 02:55:23,494 INFO: uYptBYbNIlsPixtPAAAU: Received packet MESSAGE data 2["verify_game",{"game_id":"8832","player_name":"Ali","transfer_id":"d73745b9-85b4-4a7d-b607-40a6f5eb788d"}]
2025-02-24 02:55:23,502 INFO: received event "verify_game" from V1YQJn37A-YyVQe8AAAV [/]
2025-02-24 02:55:23,507 DEBUG: Verifying game - game_id: 8832, player_name: Ali, transfer_id: d73745b9-85b4-4a7d-b607-40a6f5eb788d
2025-02-24 02:55:23,509 INFO: V1YQJn37A-YyVQe8AAAV is entering room 8832 [/]
2025-02-24 02:55:23,510 INFO: Player Ali verified and joined game room 8832
2025-02-24 02:55:23,515 INFO: emitting event "game_state" to V1YQJn37A-YyVQe8AAAV [/]
2025-02-24 02:55:23,519 INFO: uYptBYbNIlsPixtPAAAU: Sending packet MESSAGE data 2["game_state",{"players":["Ziada","Ali"],"current_player":"Ali","status":"playing","scores":{}}]
2025-02-24 02:55:23,521 INFO: emitting event "new_item" to V1YQJn37A-YyVQe8AAAV [/]
2025-02-24 02:55:23,522 INFO: uYptBYbNIlsPixtPAAAU: Sending packet MESSAGE data 2["new_item",{"item":"\u0632\u064a\u0632\u064a\u0646\u064a\u0627","category":"\u0645\u0633\u0644\u0633\u0644"}]
2025-02-24 02:55:25,087 INFO: uYptBYbNIlsPixtPAAAU: Received packet MESSAGE data 2["player_ready",{"game_id":"8832"}]
2025-02-24 02:55:25,095 INFO: received event "player_ready" from V1YQJn37A-YyVQe8AAAV [/]
2025-02-24 02:55:25,099 INFO: emitting event "timer_start" to 8832 [/]
2025-02-24 02:55:25,102 INFO: H759iR84wdDDnDOlAAAS: Sending packet MESSAGE data 2["timer_start",{"duration":120}]
2025-02-24 02:55:25,104 INFO: uYptBYbNIlsPixtPAAAU: Sending packet MESSAGE data 2["timer_start",{"duration":120}]
2025-02-24 02:55:25,105 INFO: emitting event "game_state" to 8832 [/]
2025-02-24 02:55:25,111 INFO: H759iR84wdDDnDOlAAAS: Sending packet MESSAGE data 2["game_state",{"players":["Ziada","Ali"],"status":"playing","current_player":"Ali","message":"\u0628\u062f\u0623 \u062f\u0648\u0631 Ali"}]
2025-02-24 02:55:25,119 INFO: uYptBYbNIlsPixtPAAAU: Sending packet MESSAGE data 2["game_state",{"players":["Ziada","Ali"],"status":"playing","current_player":"Ali","message":"\u0628\u062f\u0623 \u062f\u0648\u0631 Ali"}]
2025-02-24 02:57:25,128 INFO: H759iR84wdDDnDOlAAAS: Received packet MESSAGE data 2["round_timeout",{"game_id":"8832"}]
2025-02-24 02:57:25,130 INFO: received event "round_timeout" from 3qeVkudVqPCR7x9MAAAT [/]
2025-02-24 02:57:25,132 INFO: emitting event "new_item" to 3qeVkudVqPCR7x9MAAAT [/]
2025-02-24 02:57:25,134 INFO: H759iR84wdDDnDOlAAAS: Sending packet MESSAGE data 2["new_item",{"item":"\u0627\u0644\u0623\u0628 \u0627\u0644\u0631\u0648\u062d\u064a","category":"\u0641\u064a\u0644\u0645"}]
2025-02-24 02:57:25,135 INFO: emitting event "game_state" to 8832 [/]
2025-02-24 02:57:25,136 INFO: H759iR84wdDDnDOlAAAS: Sending packet MESSAGE data 2["game_state",{"players":["Ziada","Ali"],"status":"playing","current_player":"Ziada","message":"\u0627\u0646\u062a\u0647\u0649 \u0627\u0644\u0648\u0642\u062a! \u062f\u0648\u0631 Ziada"}]
2025-02-24 02:57:25,137 INFO: uYptBYbNIlsPixtPAAAU: Sending packet MESSAGE data 2["game_state",{"players":["Ziada","Ali"],"status":"playing","current_player":"Ziada","message":"\u0627\u0646\u062a\u0647\u0649 \u0627\u0644\u0648\u0642\u062a! \u062f\u0648\u0631 Ziada"}]
2025-02-24 02:57:25,140 INFO: uYptBYbNIlsPixtPAAAU: Received packet MESSAGE data 2["round_timeout",{"game_id":"8832"}]
2025-02-24 02:57:25,142 INFO: received event "round_timeout" from V1YQJn37A-YyVQe8AAAV [/]
2025-02-24 02:57:25,146 INFO: emitting event "new_item" to V1YQJn37A-YyVQe8AAAV [/]
2025-02-24 02:57:25,147 INFO: uYptBYbNIlsPixtPAAAU: Sending packet MESSAGE data 2["new_item",{"item":"\u064a\u0648\u0645 \u0645\u0646 \u0639\u0645\u0631\u064a","category":"\u0641\u064a\u0644\u0645"}]
2025-02-24 02:57:25,150 INFO: emitting event "game_state" to 8832 [/]
2025-02-24 02:57:25,151 INFO: H759iR84wdDDnDOlAAAS: Sending packet MESSAGE data 2["game_state",{"players":["Ziada","Ali"],"status":"playing","current_player":"Ali","message":"\u0627\u0646\u062a\u0647\u0649 \u0627\u0644\u0648\u0642\u062a! \u062f\u0648\u0631 Ali"}]
2025-02-24 02:57:25,153 INFO: uYptBYbNIlsPixtPAAAU: Sending packet MESSAGE data 2["game_state",{"players":["Ziada","Ali"],"status":"playing","current_player":"Ali","message":"\u0627\u0646\u062a\u0647\u0649 \u0627\u0644\u0648\u0642\u062a! \u062f\u0648\u0631 Ali"}]
2025-02-24 02:59:27,934 INFO: Player disconnected: Ziada
2025-02-24 02:59:27,955 DEBUG: Session before connection: <SecureCookieSession {'_flashes': [('error', 'انت مش في اللعبة دي'), ('error', 'انت مش في اللعبة دي'), ('error', 'انت مش في اللعبة دي'), ('error', 'انت مش في اللعبة دي'), ('error', 'انت مش في اللعبة دي'), ('error', 'انت مش في اللعبة دي'), ('error', 'لم يتم العثور على اسم اللاعب')], '_permanent': True, 'game_id': '8832', 'is_host': True, 'player_name': 'Ziada'}>
2025-02-24 02:59:27,958 DEBUG: Is session permanent: True
2025-02-24 02:59:27,960 DEBUG: Session contents before connection: {'_flashes': [('error', 'انت مش في اللعبة دي'), ('error', 'انت مش في اللعبة دي'), ('error', 'انت مش في اللعبة دي'), ('error', 'انت مش في اللعبة دي'), ('error', 'انت مش في اللعبة دي'), ('error', 'انت مش في اللعبة دي'), ('error', 'لم يتم العثور على اسم اللاعب')], '_permanent': True, 'game_id': '8832', 'is_host': True, 'player_name': 'Ziada'}
2025-02-24 02:59:27,964 DEBUG: Game route - game_id: 8832, player_name: Ziada, transfer_id: d73745b9-85b4-4a7d-b607-40a6f5eb788d
2025-02-24 02:59:28,126 DEBUG: Session before connection: <SecureCookieSession {'_flashes': [('error', 'انت مش في اللعبة دي'), ('error', 'انت مش في اللعبة دي'), ('error', 'انت مش في اللعبة دي'), ('error', 'انت مش في اللعبة دي'), ('error', 'انت مش في اللعبة دي'), ('error', 'انت مش في اللعبة دي'), ('error', 'لم يتم العثور على اسم اللاعب')], '_permanent': True, 'game_id': '8832', 'is_host': True, 'player_name': 'Ziada'}>
2025-02-24 02:59:28,128 DEBUG: Is session permanent: True
2025-02-24 02:59:28,129 DEBUG: Session contents before connection: {'_flashes': [('error', 'انت مش في اللعبة دي'), ('error', 'انت مش في اللعبة دي'), ('error', 'انت مش في اللعبة دي'), ('error', 'انت مش في اللعبة دي'), ('error', 'انت مش في اللعبة دي'), ('error', 'انت مش في اللعبة دي'), ('error', 'لم يتم العثور على اسم اللاعب')], '_permanent': True, 'game_id': '8832', 'is_host': True, 'player_name': 'Ziada'}
2025-02-24 02:59:28,143 DEBUG: Session before connection: <SecureCookieSession {'_flashes': [('error', 'انت مش في اللعبة دي'), ('error', 'انت مش في اللعبة دي'), ('error', 'انت مش في اللعبة دي'), ('error', 'انت مش في اللعبة دي'), ('error', 'انت مش في اللعبة دي'), ('error', 'انت مش في اللعبة دي'), ('error', 'لم يتم العثور على اسم اللاعب')], '_permanent': True, 'game_id': '8832', 'is_host': True, 'player_name': 'Ziada'}>
2025-02-24 02:59:28,149 DEBUG: Is session permanent: True
2025-02-24 02:59:28,153 DEBUG: Session contents before connection: {'_flashes': [('error', 'انت مش في اللعبة دي'), ('error', 'انت مش في اللعبة دي'), ('error', 'انت مش في اللعبة دي'), ('error', 'انت مش في اللعبة دي'), ('error', 'انت مش في اللعبة دي'), ('error', 'انت مش في اللعبة دي'), ('error', 'لم يتم العثور على اسم اللاعب')], '_permanent': True, 'game_id': '8832', 'is_host': True, 'player_name': 'Ziada'}
2025-02-24 02:59:29,480 INFO: LDGBznB3VLsGSXP1AAAW: Sending packet OPEN data {'sid': 'LDGBznB3VLsGSXP1AAAW', 'upgrades': ['websocket'], 'pingTimeout': 15000000, 'pingInterval': 25000000, 'maxPayload': 1000000}
2025-02-24 02:59:29,607 INFO: LDGBznB3VLsGSXP1AAAW: Received request to upgrade to websocket
2025-02-24 02:59:29,616 INFO: LDGBznB3VLsGSXP1AAAW: Received packet MESSAGE data 0
2025-02-24 02:59:29,618 INFO: LDGBznB3VLsGSXP1AAAW: Sending packet MESSAGE data 0{"sid":"NAgQN-jMbE7kode0AAAX"}
2025-02-24 02:59:29,621 DEBUG: Client connected. Session: {'_flashes': [('error', 'انت مش في اللعبة دي'), ('error', 'انت مش في اللعبة دي'), ('error', 'انت مش في اللعبة دي'), ('error', 'انت مش في اللعبة دي'), ('error', 'انت مش في اللعبة دي'), ('error', 'انت مش في اللعبة دي'), ('error', 'لم يتم العثور على اسم اللاعب')], '_permanent': True, 'game_id': '8832', 'is_host': True, 'player_name': 'Ziada'}
2025-02-24 02:59:29,625 INFO: Assigned socket ID NAgQN-jMbE7kode0AAAX to player Ziada
2025-02-24 02:59:29,632 DEBUG: Session before connection: <SecureCookieSession {'_flashes': [('error', 'انت مش في اللعبة دي'), ('error', 'انت مش في اللعبة دي'), ('error', 'انت مش في اللعبة دي'), ('error', 'انت مش في اللعبة دي'), ('error', 'انت مش في اللعبة دي'), ('error', 'انت مش في اللعبة دي'), ('error', 'لم يتم العثور على اسم اللاعب')], '_permanent': True, 'game_id': '8832', 'is_host': True, 'player_name': 'Ziada'}>
2025-02-24 02:59:29,633 DEBUG: Is session permanent: True
2025-02-24 02:59:29,633 DEBUG: Session contents before connection: {'_flashes': [('error', 'انت مش في اللعبة دي'), ('error', 'انت مش في اللعبة دي'), ('error', 'انت مش في اللعبة دي'), ('error', 'انت مش في اللعبة دي'), ('error', 'انت مش في اللعبة دي'), ('error', 'انت مش في اللعبة دي'), ('error', 'لم يتم العثور على اسم اللاعب')], '_permanent': True, 'game_id': '8832', 'is_host': True, 'player_name': 'Ziada'}
2025-02-24 02:59:29,704 DEBUG: Session before connection: <SecureCookieSession {'_flashes': [('error', 'انت مش في اللعبة دي'), ('error', 'انت مش في اللعبة دي'), ('error', 'انت مش في اللعبة دي'), ('error', 'انت مش في اللعبة دي'), ('error', 'انت مش في اللعبة دي'), ('error', 'انت مش في اللعبة دي'), ('error', 'لم يتم العثور على اسم اللاعب')], '_permanent': True, 'game_id': '8832', 'is_host': True, 'player_name': 'Ziada'}>
2025-02-24 02:59:29,706 DEBUG: Is session permanent: True
2025-02-24 02:59:29,707 DEBUG: Session contents before connection: {'_flashes': [('error', 'انت مش في اللعبة دي'), ('error', 'انت مش في اللعبة دي'), ('error', 'انت مش في اللعبة دي'), ('error', 'انت مش في اللعبة دي'), ('error', 'انت مش في اللعبة دي'), ('error', 'انت مش في اللعبة دي'), ('error', 'لم يتم العثور على اسم اللاعب')], '_permanent': True, 'game_id': '8832', 'is_host': True, 'player_name': 'Ziada'}
2025-02-24 02:59:29,714 DEBUG: Session before connection: <SecureCookieSession {'_flashes': [('error', 'انت مش في اللعبة دي'), ('error', 'انت مش في اللعبة دي'), ('error', 'انت مش في اللعبة دي'), ('error', 'انت مش في اللعبة دي'), ('error', 'انت مش في اللعبة دي'), ('error', 'انت مش في اللعبة دي'), ('error', 'لم يتم العثور على اسم اللاعب')], '_permanent': True, 'game_id': '8832', 'is_host': True, 'player_name': 'Ziada'}>
2025-02-24 02:59:29,715 DEBUG: Is session permanent: True
2025-02-24 02:59:29,716 DEBUG: Session contents before connection: {'_flashes': [('error', 'انت مش في اللعبة دي'), ('error', 'انت مش في اللعبة دي'), ('error', 'انت مش في اللعبة دي'), ('error', 'انت مش في اللعبة دي'), ('error', 'انت مش في اللعبة دي'), ('error', 'انت مش في اللعبة دي'), ('error', 'لم يتم العثور على اسم اللاعب')], '_permanent': True, 'game_id': '8832', 'is_host': True, 'player_name': 'Ziada'}
2025-02-24 02:59:31,071 INFO: LDGBznB3VLsGSXP1AAAW: Upgrade to websocket successful
2025-02-24 02:59:31,098 INFO: LDGBznB3VLsGSXP1AAAW: Received packet MESSAGE data 2["verify_game",{"game_id":"8832","player_name":"Ziada","transfer_id":"d73745b9-85b4-4a7d-b607-40a6f5eb788d"}]
2025-02-24 02:59:31,104 INFO: received event "verify_game" from NAgQN-jMbE7kode0AAAX [/]
2025-02-24 02:59:31,107 DEBUG: Verifying game - game_id: 8832, player_name: Ziada, transfer_id: d73745b9-85b4-4a7d-b607-40a6f5eb788d
2025-02-24 02:59:31,109 INFO: NAgQN-jMbE7kode0AAAX is entering room 8832 [/]
2025-02-24 02:59:31,111 INFO: Player Ziada verified and joined game room 8832
2025-02-24 02:59:31,111 INFO: emitting event "game_state" to NAgQN-jMbE7kode0AAAX [/]
2025-02-24 02:59:31,114 INFO: LDGBznB3VLsGSXP1AAAW: Sending packet MESSAGE data 2["game_state",{"players":["Ziada","Ali"],"current_player":"Ali","status":"playing","scores":{}}]
2025-02-24 02:59:33,779 INFO: Player disconnected: Ali
2025-02-24 02:59:33,813 DEBUG: Session before connection: <SecureCookieSession {'_permanent': True, 'game_id': '8832', 'is_host': False, 'player_name': 'Ali'}>
2025-02-24 02:59:33,814 DEBUG: Is session permanent: True
2025-02-24 02:59:33,814 DEBUG: Session contents before connection: {'_permanent': True, 'game_id': '8832', 'is_host': False, 'player_name': 'Ali'}
2025-02-24 02:59:33,815 DEBUG: Game route - game_id: 8832, player_name: Ali, transfer_id: d73745b9-85b4-4a7d-b607-40a6f5eb788d
2025-02-24 02:59:33,989 DEBUG: Session before connection: <SecureCookieSession {'_permanent': True, 'game_id': '8832', 'is_host': False, 'player_name': 'Ali'}>
2025-02-24 02:59:33,989 DEBUG: Is session permanent: True
2025-02-24 02:59:33,990 DEBUG: Session contents before connection: {'_permanent': True, 'game_id': '8832', 'is_host': False, 'player_name': 'Ali'}
2025-02-24 02:59:33,997 DEBUG: Session before connection: <SecureCookieSession {'_permanent': True, 'game_id': '8832', 'is_host': False, 'player_name': 'Ali'}>
2025-02-24 02:59:33,998 DEBUG: Is session permanent: True
2025-02-24 02:59:34,005 DEBUG: Session contents before connection: {'_permanent': True, 'game_id': '8832', 'is_host': False, 'player_name': 'Ali'}
2025-02-24 02:59:34,047 INFO: mA-V28KQcfHVFwklAAAY: Sending packet OPEN data {'sid': 'mA-V28KQcfHVFwklAAAY', 'upgrades': ['websocket'], 'pingTimeout': 15000000, 'pingInterval': 25000000, 'maxPayload': 1000000}
2025-02-24 02:59:34,149 DEBUG: Session before connection: <SecureCookieSession {'_permanent': True, 'game_id': '8832', 'is_host': False, 'player_name': 'Ali'}>
2025-02-24 02:59:34,153 DEBUG: Is session permanent: True
2025-02-24 02:59:34,154 DEBUG: Session contents before connection: {'_permanent': True, 'game_id': '8832', 'is_host': False, 'player_name': 'Ali'}
2025-02-24 02:59:34,207 DEBUG: Session before connection: <SecureCookieSession {'_permanent': True, 'game_id': '8832', 'is_host': False, 'player_name': 'Ali'}>
2025-02-24 02:59:34,210 DEBUG: Is session permanent: True
2025-02-24 02:59:34,212 DEBUG: Session contents before connection: {'_permanent': True, 'game_id': '8832', 'is_host': False, 'player_name': 'Ali'}
2025-02-24 02:59:34,217 DEBUG: Session before connection: <SecureCookieSession {'_permanent': True, 'game_id': '8832', 'is_host': False, 'player_name': 'Ali'}>
2025-02-24 02:59:34,219 DEBUG: Is session permanent: True
2025-02-24 02:59:34,220 DEBUG: Session contents before connection: {'_permanent': True, 'game_id': '8832', 'is_host': False, 'player_name': 'Ali'}
2025-02-24 02:59:34,630 INFO: mA-V28KQcfHVFwklAAAY: Received packet MESSAGE data 0
2025-02-24 02:59:34,631 INFO: mA-V28KQcfHVFwklAAAY: Sending packet MESSAGE data 0{"sid":"dbYESYfbozrc_t-2AAAZ"}
2025-02-24 02:59:34,634 DEBUG: Client connected. Session: {'_permanent': True, 'game_id': '8832', 'is_host': False, 'player_name': 'Ali'}
2025-02-24 02:59:34,634 INFO: Assigned socket ID dbYESYfbozrc_t-2AAAZ to player Ali
2025-02-24 02:59:34,643 INFO: mA-V28KQcfHVFwklAAAY: Received request to upgrade to websocket
2025-02-24 02:59:36,285 INFO: mA-V28KQcfHVFwklAAAY: Received packet MESSAGE data 2["verify_game",{"game_id":"8832","player_name":"Ali","transfer_id":"d73745b9-85b4-4a7d-b607-40a6f5eb788d"}]
2025-02-24 02:59:36,287 INFO: received event "verify_game" from dbYESYfbozrc_t-2AAAZ [/]
2025-02-24 02:59:36,289 DEBUG: Verifying game - game_id: 8832, player_name: Ali, transfer_id: d73745b9-85b4-4a7d-b607-40a6f5eb788d
2025-02-24 02:59:36,301 INFO: dbYESYfbozrc_t-2AAAZ is entering room 8832 [/]
2025-02-24 02:59:36,302 INFO: Player Ali verified and joined game room 8832
2025-02-24 02:59:36,303 INFO: emitting event "game_state" to dbYESYfbozrc_t-2AAAZ [/]
2025-02-24 02:59:36,304 INFO: mA-V28KQcfHVFwklAAAY: Sending packet MESSAGE data 2["game_state",{"players":["Ziada","Ali"],"current_player":"Ali","status":"playing","scores":{}}]
2025-02-24 02:59:36,327 INFO: emitting event "new_item" to dbYESYfbozrc_t-2AAAZ [/]
2025-02-24 02:59:36,329 INFO: mA-V28KQcfHVFwklAAAY: Sending packet MESSAGE data 2["new_item",{"item":"\u064a\u0648\u0645 \u0645\u0646 \u0639\u0645\u0631\u064a","category":"\u0641\u064a\u0644\u0645"}]
2025-02-24 02:59:36,405 INFO: mA-V28KQcfHVFwklAAAY: Upgrade to websocket successful
2025-02-24 02:59:45,564 INFO: mA-V28KQcfHVFwklAAAY: Received packet MESSAGE data 2["player_ready",{"game_id":"8832"}]
2025-02-24 02:59:45,564 INFO: received event "player_ready" from dbYESYfbozrc_t-2AAAZ [/]
2025-02-24 02:59:45,567 INFO: emitting event "timer_start" to 8832 [/]
2025-02-24 02:59:45,567 INFO: LDGBznB3VLsGSXP1AAAW: Sending packet MESSAGE data 2["timer_start",{"duration":120}]
2025-02-24 02:59:45,568 INFO: mA-V28KQcfHVFwklAAAY: Sending packet MESSAGE data 2["timer_start",{"duration":120}]
2025-02-24 02:59:45,569 INFO: emitting event "game_state" to 8832 [/]
2025-02-24 02:59:45,569 INFO: LDGBznB3VLsGSXP1AAAW: Sending packet MESSAGE data 2["game_state",{"players":["Ziada","Ali"],"status":"playing","current_player":"Ali","message":"\u0628\u062f\u0623 \u062f\u0648\u0631 Ali"}]
2025-02-24 02:59:45,570 INFO: mA-V28KQcfHVFwklAAAY: Sending packet MESSAGE data 2["game_state",{"players":["Ziada","Ali"],"status":"playing","current_player":"Ali","message":"\u0628\u062f\u0623 \u062f\u0648\u0631 Ali"}]
2025-02-24 03:01:45,590 INFO: mA-V28KQcfHVFwklAAAY: Received packet MESSAGE data 2["round_timeout",{"game_id":"8832"}]
2025-02-24 03:01:45,592 INFO: received event "round_timeout" from dbYESYfbozrc_t-2AAAZ [/]
2025-02-24 03:01:45,594 INFO: emitting event "new_item" to NAgQN-jMbE7kode0AAAX [/]
2025-02-24 03:01:45,595 INFO: LDGBznB3VLsGSXP1AAAW: Sending packet MESSAGE data 2["new_item",{"item":"\u0645\u062f\u0631\u0633\u0629 \u0627\u0644\u0645\u0634\u0627\u063a\u0628\u064a\u0646","category":"\u0645\u0633\u0631\u062d\u064a\u0629"}]
2025-02-24 03:01:45,596 INFO: emitting event "game_state" to 8832 [/]
2025-02-24 03:01:45,596 INFO: LDGBznB3VLsGSXP1AAAW: Sending packet MESSAGE data 2["game_state",{"players":["Ziada","Ali"],"status":"playing","current_player":"Ziada","message":"\u0627\u0646\u062a\u0647\u0649 \u0627\u0644\u0648\u0642\u062a! \u062f\u0648\u0631 Ziada"}]
2025-02-24 03:01:45,596 INFO: mA-V28KQcfHVFwklAAAY: Sending packet MESSAGE data 2["game_state",{"players":["Ziada","Ali"],"status":"playing","current_player":"Ziada","message":"\u0627\u0646\u062a\u0647\u0649 \u0627\u0644\u0648\u0642\u062a! \u062f\u0648\u0631 Ziada"}]
2025-02-24 03:01:45,599 INFO: LDGBznB3VLsGSXP1AAAW: Received packet MESSAGE data 2["round_timeout",{"game_id":"8832"}]
2025-02-24 03:01:45,599 INFO: received event "round_timeout" from NAgQN-jMbE7kode0AAAX [/]
2025-02-24 03:01:45,602 INFO: emitting event "new_item" to dbYESYfbozrc_t-2AAAZ [/]
2025-02-24 03:01:45,603 INFO: mA-V28KQcfHVFwklAAAY: Sending packet MESSAGE data 2["new_item",{"item":"\u0627\u0644\u0645\u062a\u0632\u0648\u062c","category":"\u0645\u0633\u0631\u062d\u064a\u0629"}]
2025-02-24 03:01:45,603 INFO: emitting event "game_state" to 8832 [/]
2025-02-24 03:01:45,605 INFO: LDGBznB3VLsGSXP1AAAW: Sending packet MESSAGE data 2["game_state",{"players":["Ziada","Ali"],"status":"playing","current_player":"Ali","message":"\u0627\u0646\u062a\u0647\u0649 \u0627\u0644\u0648\u0642\u062a! \u062f\u0648\u0631 Ali"}]
2025-02-24 03:01:45,606 INFO: mA-V28KQcfHVFwklAAAY: Sending packet MESSAGE data 2["game_state",{"players":["Ziada","Ali"],"status":"playing","current_player":"Ali","message":"\u0627\u0646\u062a\u0647\u0649 \u0627\u0644\u0648\u0642\u062a! \u062f\u0648\u0631 Ali"}]
2025-02-24 03:03:49,802 INFO:  * Detected change in 'F:\\PythonII\\FamilyGamesII\\app.py', reloading
2025-02-24 03:03:50,213 INFO:  * Restarting with stat
2025-02-24 03:03:52,366 INFO: Server initialized for eventlet.
2025-02-24 03:03:52,374 INFO: Starting server...
2025-02-24 03:03:52,387 WARNING:  * Debugger is active!
2025-02-24 03:03:52,416 INFO:  * Debugger PIN: 531-980-121
2025-02-24 03:03:52,595 INFO: FeXYN5fGgxh7K7I9AAAA: Sending packet OPEN data {'sid': 'FeXYN5fGgxh7K7I9AAAA', 'upgrades': ['websocket'], 'pingTimeout': 15000000, 'pingInterval': 25000000, 'maxPayload': 1000000}
2025-02-24 03:03:52,616 INFO: FeXYN5fGgxh7K7I9AAAA: Received request to upgrade to websocket
2025-02-24 03:03:52,620 INFO: FeXYN5fGgxh7K7I9AAAA: Received packet MESSAGE data 0
2025-02-24 03:03:52,621 INFO: FeXYN5fGgxh7K7I9AAAA: Sending packet MESSAGE data 0{"sid":"GRYAZNGwbteWEnUjAAAB"}
2025-02-24 03:03:52,627 DEBUG: Client connected. Session: {'_permanent': True, 'game_id': '8832', 'is_host': False, 'player_name': 'Ali'}
2025-02-24 03:03:52,628 INFO: Assigned socket ID GRYAZNGwbteWEnUjAAAB to player Ali
2025-02-24 03:03:52,644 INFO: EI-MyP3sJ3ywwVTjAAAC: Sending packet OPEN data {'sid': 'EI-MyP3sJ3ywwVTjAAAC', 'upgrades': ['websocket'], 'pingTimeout': 15000000, 'pingInterval': 25000000, 'maxPayload': 1000000}
2025-02-24 03:03:52,647 INFO: FeXYN5fGgxh7K7I9AAAA: Upgrade to websocket successful
2025-02-24 03:03:52,650 INFO: FeXYN5fGgxh7K7I9AAAA: Received packet MESSAGE data 2["verify_game",{"game_id":"8832","player_name":"Ali","transfer_id":"d73745b9-85b4-4a7d-b607-40a6f5eb788d"}]
2025-02-24 03:03:52,651 INFO: received event "verify_game" from GRYAZNGwbteWEnUjAAAB [/]
2025-02-24 03:03:52,653 DEBUG: Verifying game - game_id: 8832, player_name: Ali, transfer_id: d73745b9-85b4-4a7d-b607-40a6f5eb788d
2025-02-24 03:03:52,654 INFO: emitting event "error" to GRYAZNGwbteWEnUjAAAB [/]
2025-02-24 03:03:52,655 INFO: FeXYN5fGgxh7K7I9AAAA: Sending packet MESSAGE data 2["error",{"message":"\u063a\u0631\u0641\u0629 \u0627\u0644\u0644\u0639\u0628 \u063a\u064a\u0631 \u0645\u0648\u062c\u0648\u062f\u0629","redirect":"/"}]
2025-02-24 03:03:52,671 INFO: EI-MyP3sJ3ywwVTjAAAC: Received request to upgrade to websocket
2025-02-24 03:03:52,678 INFO: EI-MyP3sJ3ywwVTjAAAC: Received packet MESSAGE data 0
2025-02-24 03:03:52,681 INFO: EI-MyP3sJ3ywwVTjAAAC: Sending packet MESSAGE data 0{"sid":"w3jvOuEVAMNFBQoMAAAD"}
2025-02-24 03:03:52,682 DEBUG: Client connected. Session: {'_flashes': [('error', 'انت مش في اللعبة دي'), ('error', 'انت مش في اللعبة دي'), ('error', 'انت مش في اللعبة دي'), ('error', 'انت مش في اللعبة دي'), ('error', 'انت مش في اللعبة دي'), ('error', 'انت مش في اللعبة دي'), ('error', 'لم يتم العثور على اسم اللاعب')], '_permanent': True, 'game_id': '8832', 'is_host': True, 'player_name': 'Ziada'}
2025-02-24 03:03:52,686 INFO: Assigned socket ID w3jvOuEVAMNFBQoMAAAD to player Ziada
2025-02-24 03:03:52,706 INFO: EI-MyP3sJ3ywwVTjAAAC: Upgrade to websocket successful
2025-02-24 03:03:52,712 INFO: EI-MyP3sJ3ywwVTjAAAC: Received packet MESSAGE data 2["verify_game",{"game_id":"8832","player_name":"Ziada","transfer_id":"d73745b9-85b4-4a7d-b607-40a6f5eb788d"}]
2025-02-24 03:03:52,714 INFO: received event "verify_game" from w3jvOuEVAMNFBQoMAAAD [/]
2025-02-24 03:03:52,716 DEBUG: Verifying game - game_id: 8832, player_name: Ziada, transfer_id: d73745b9-85b4-4a7d-b607-40a6f5eb788d
2025-02-24 03:03:52,717 INFO: emitting event "error" to w3jvOuEVAMNFBQoMAAAD [/]
2025-02-24 03:03:52,718 INFO: EI-MyP3sJ3ywwVTjAAAC: Sending packet MESSAGE data 2["error",{"message":"\u063a\u0631\u0641\u0629 \u0627\u0644\u0644\u0639\u0628 \u063a\u064a\u0631 \u0645\u0648\u062c\u0648\u062f\u0629","redirect":"/"}]
2025-02-24 03:04:12,626 DEBUG: Session before connection: <SecureCookieSession {'_permanent': True, 'game_id': '8832', 'is_host': False, 'player_name': 'Ali'}>
2025-02-24 03:04:12,626 DEBUG: Is session permanent: True
2025-02-24 03:04:12,626 DEBUG: Session contents before connection: {'_permanent': True, 'game_id': '8832', 'is_host': False, 'player_name': 'Ali'}
